{"/Users/luiz/Documents/workspace/involves/inv-github-search/src/App.vue": {"path":"/Users/luiz/Documents/workspace/involves/inv-github-search/src/App.vue","statementMap":{"0":{"start":{"line":1,"column":1},"end":{"line":38,"column":4}},"1":{"start":{"line":4,"column":0},"end":{"line":6,"column":3}},"2":{"start":{"line":8,"column":17},"end":{"line":8,"column":50}},"3":{"start":{"line":10,"column":18},"end":{"line":10,"column":52}},"4":{"start":{"line":12,"column":17},"end":{"line":12,"column":50}},"5":{"start":{"line":14,"column":18},"end":{"line":14,"column":52}},"6":{"start":{"line":16,"column":16},"end":{"line":16,"column":48}},"7":{"start":{"line":18,"column":17},"end":{"line":18,"column":50}},"8":{"start":{"line":20,"column":39},"end":{"line":20,"column":93}},"9":{"start":{"line":22,"column":0},"end":{"line":29,"column":2}},"10":{"start":{"line":39,"column":0},"end":{"line":39,"column":70}},"11":{"start":{"line":39,"column":31},"end":{"line":39,"column":70}},"12":{"start":{"line":40,"column":24},"end":{"line":40,"column":100}},"13":{"start":{"line":41,"column":0},"end":{"line":41,"column":256}},"14":{"start":{"line":41,"column":54},"end":{"line":41,"column":58}},"15":{"start":{"line":41,"column":66},"end":{"line":41,"column":84}},"16":{"start":{"line":41,"column":92},"end":{"line":41,"column":108}},"17":{"start":{"line":41,"column":109},"end":{"line":41,"column":255}},"18":{"start":{"line":42,"column":0},"end":{"line":42,"column":37}}},"fnMap":{"0":{"name":"(anonymous_0)","decl":{"start":{"line":1,"column":2},"end":{"line":1,"column":3}},"loc":{"start":{"line":1,"column":12},"end":{"line":38,"column":1}},"line":1},"1":{"name":"_interopRequireDefault","decl":{"start":{"line":20,"column":9},"end":{"line":20,"column":31}},"loc":{"start":{"line":20,"column":37},"end":{"line":20,"column":95}},"line":20},"2":{"name":"render","decl":{"start":{"line":41,"column":35},"end":{"line":41,"column":41}},"loc":{"start":{"line":41,"column":45},"end":{"line":41,"column":256}},"line":41}},"branchMap":{"0":{"loc":{"start":{"line":20,"column":46},"end":{"line":20,"column":92}},"type":"cond-expr","locations":[{"start":{"line":20,"column":70},"end":{"line":20,"column":73}},{"start":{"line":20,"column":76},"end":{"line":20,"column":92}}],"line":20},"1":{"loc":{"start":{"line":20,"column":46},"end":{"line":20,"column":67}},"type":"binary-expr","locations":[{"start":{"line":20,"column":46},"end":{"line":20,"column":49}},{"start":{"line":20,"column":53},"end":{"line":20,"column":67}}],"line":20},"2":{"loc":{"start":{"line":39,"column":0},"end":{"line":39,"column":70}},"type":"if","locations":[{"start":{"line":39,"column":0},"end":{"line":39,"column":70}},{"start":{"line":39,"column":0},"end":{"line":39,"column":70}}],"line":39},"3":{"loc":{"start":{"line":40,"column":24},"end":{"line":40,"column":100}},"type":"cond-expr","locations":[{"start":{"line":40,"column":62},"end":{"line":40,"column":84}},{"start":{"line":40,"column":86},"end":{"line":40,"column":100}}],"line":40},"4":{"loc":{"start":{"line":41,"column":92},"end":{"line":41,"column":108}},"type":"binary-expr","locations":[{"start":{"line":41,"column":92},"end":{"line":41,"column":104}},{"start":{"line":41,"column":106},"end":{"line":41,"column":108}}],"line":41}},"s":{"0":0,"1":0,"2":0,"3":0,"4":0,"5":0,"6":0,"7":0,"8":0,"9":0,"10":0,"11":0,"12":0,"13":0,"14":0,"15":0,"16":0,"17":0,"18":0},"f":{"0":0,"1":0,"2":0},"b":{"0":[0,0],"1":[0,0],"2":[0,0],"3":[0,0],"4":[0,0]}}
,"/Users/luiz/Documents/workspace/involves/inv-github-search/src/api/index.js": {"path":"/Users/luiz/Documents/workspace/involves/inv-github-search/src/api/index.js","statementMap":{"0":{"start":{"line":1,"column":13},"end":{"line":1,"column":75}},"1":{"start":{"line":1,"column":88},"end":{"line":1,"column":104}},"2":{"start":{"line":1,"column":119},"end":{"line":1,"column":149}},"3":{"start":{"line":1,"column":188},"end":{"line":1,"column":242}},"4":{"start":{"line":3,"column":14},"end":{"line":3,"column":33}},"5":{"start":{"line":4,"column":10},"end":{"line":7,"column":5}},"6":{"start":{"line":5,"column":44},"end":{"line":5,"column":114}},"7":{"start":{"line":6,"column":4},"end":{"line":6,"column":77}},"8":{"start":{"line":7,"column":6},"end":{"line":10,"column":4}}},"fnMap":{"0":{"name":"_interopRequireDefault","decl":{"start":{"line":1,"column":159},"end":{"line":1,"column":181}},"loc":{"start":{"line":1,"column":187},"end":{"line":1,"column":243}},"line":1},"1":{"name":"getToken","decl":{"start":{"line":5,"column":21},"end":{"line":5,"column":29}},"loc":{"start":{"line":5,"column":32},"end":{"line":7,"column":3}},"line":5}},"branchMap":{"0":{"loc":{"start":{"line":1,"column":195},"end":{"line":1,"column":241}},"type":"cond-expr","locations":[{"start":{"line":1,"column":219},"end":{"line":1,"column":222}},{"start":{"line":1,"column":225},"end":{"line":1,"column":241}}],"line":1},"1":{"loc":{"start":{"line":1,"column":195},"end":{"line":1,"column":216}},"type":"binary-expr","locations":[{"start":{"line":1,"column":195},"end":{"line":1,"column":198}},{"start":{"line":1,"column":202},"end":{"line":1,"column":216}}],"line":1},"2":{"loc":{"start":{"line":5,"column":44},"end":{"line":5,"column":114}},"type":"cond-expr","locations":[{"start":{"line":5,"column":97},"end":{"line":5,"column":109}},{"start":{"line":5,"column":112},"end":{"line":5,"column":114}}],"line":5},"3":{"loc":{"start":{"line":5,"column":44},"end":{"line":5,"column":94}},"type":"binary-expr","locations":[{"start":{"line":5,"column":44},"end":{"line":5,"column":64}},{"start":{"line":5,"column":68},"end":{"line":5,"column":94}}],"line":5}},"s":{"0":0,"1":0,"2":0,"3":0,"4":0,"5":0,"6":0,"7":0,"8":0},"f":{"0":0,"1":0},"b":{"0":[0,0],"1":[0,0],"2":[0,0],"3":[0,0]}}
,"/Users/luiz/Documents/workspace/involves/inv-github-search/src/api/index_old.js": {"path":"/Users/luiz/Documents/workspace/involves/inv-github-search/src/api/index_old.js","statementMap":{"0":{"start":{"line":2,"column":12},"end":{"line":2,"column":28}},"1":{"start":{"line":3,"column":14},"end":{"line":4,"column":16}},"2":{"start":{"line":26,"column":0},"end":{"line":32,"column":3}},"3":{"start":{"line":27,"column":33},"end":{"line":27,"column":42}},"4":{"start":{"line":28,"column":2},"end":{"line":28,"column":20}},"5":{"start":{"line":31,"column":2},"end":{"line":31,"column":19}}},"fnMap":{"0":{"name":"(anonymous_0)","decl":{"start":{"line":27,"column":5},"end":{"line":27,"column":6}},"loc":{"start":{"line":27,"column":21},"end":{"line":29,"column":1}},"line":27},"1":{"name":"(anonymous_1)","decl":{"start":{"line":30,"column":6},"end":{"line":30,"column":7}},"loc":{"start":{"line":30,"column":21},"end":{"line":32,"column":1}},"line":30}},"branchMap":{},"s":{"0":0,"1":0,"2":0,"3":0,"4":0,"5":0},"f":{"0":0,"1":0},"b":{}}
,"/Users/luiz/Documents/workspace/involves/inv-github-search/src/components/AppFooter/index.vue": {"path":"/Users/luiz/Documents/workspace/involves/inv-github-search/src/components/AppFooter/index.vue","statementMap":{"0":{"start":{"line":12,"column":0},"end":{"line":null,"column":-1}}},"fnMap":{"0":{"name":"data","decl":{"start":{"line":11,"column":0},"end":{"line":null,"column":-1}},"loc":{"start":{"line":11,"column":0},"end":{"line":15,"column":0}}}},"branchMap":{},"s":{"0":1},"f":{"0":1},"b":{}}
,"/Users/luiz/Documents/workspace/involves/inv-github-search/src/components/AppHeader/index.vue": {"path":"/Users/luiz/Documents/workspace/involves/inv-github-search/src/components/AppHeader/index.vue","statementMap":{"0":{"start":{"line":1,"column":1},"end":{"line":76,"column":4}},"1":{"start":{"line":4,"column":0},"end":{"line":6,"column":3}},"2":{"start":{"line":8,"column":22},"end":{"line":8,"column":85}},"3":{"start":{"line":10,"column":23},"end":{"line":10,"column":62}},"4":{"start":{"line":12,"column":39},"end":{"line":12,"column":93}},"5":{"start":{"line":14,"column":0},"end":{"line":38,"column":2}},"6":{"start":{"line":17,"column":4},"end":{"line":22,"column":6}},"7":{"start":{"line":27,"column":6},"end":{"line":27,"column":63}},"8":{"start":{"line":30,"column":6},"end":{"line":30,"column":25}},"9":{"start":{"line":35,"column":6},"end":{"line":35,"column":34}},"10":{"start":{"line":77,"column":0},"end":{"line":77,"column":70}},"11":{"start":{"line":77,"column":31},"end":{"line":77,"column":70}},"12":{"start":{"line":78,"column":24},"end":{"line":78,"column":100}},"13":{"start":{"line":79,"column":0},"end":{"line":79,"column":1317}},"14":{"start":{"line":79,"column":54},"end":{"line":79,"column":58}},"15":{"start":{"line":79,"column":66},"end":{"line":79,"column":84}},"16":{"start":{"line":79,"column":92},"end":{"line":79,"column":108}},"17":{"start":{"line":79,"column":109},"end":{"line":79,"column":1316}},"18":{"start":{"line":79,"column":223},"end":{"line":79,"column":248}},"19":{"start":{"line":79,"column":248},"end":{"line":79,"column":272}},"20":{"start":{"line":79,"column":954},"end":{"line":79,"column":968}},"21":{"start":{"line":79,"column":1041},"end":{"line":79,"column":1305}},"22":{"start":{"line":80,"column":0},"end":{"line":80,"column":37}}},"fnMap":{"0":{"name":"(anonymous_0)","decl":{"start":{"line":1,"column":2},"end":{"line":1,"column":3}},"loc":{"start":{"line":1,"column":12},"end":{"line":76,"column":1}},"line":1},"1":{"name":"_interopRequireDefault","decl":{"start":{"line":12,"column":9},"end":{"line":12,"column":31}},"loc":{"start":{"line":12,"column":37},"end":{"line":12,"column":95}},"line":12},"2":{"name":"data","decl":{"start":{"line":16,"column":17},"end":{"line":16,"column":21}},"loc":{"start":{"line":16,"column":24},"end":{"line":23,"column":3}},"line":16},"3":{"name":"userSearch","decl":{"start":{"line":26,"column":25},"end":{"line":26,"column":35}},"loc":{"start":{"line":26,"column":38},"end":{"line":28,"column":5}},"line":26},"4":{"name":"page","decl":{"start":{"line":29,"column":19},"end":{"line":29,"column":23}},"loc":{"start":{"line":29,"column":26},"end":{"line":31,"column":5}},"line":29},"5":{"name":"back","decl":{"start":{"line":34,"column":19},"end":{"line":34,"column":23}},"loc":{"start":{"line":34,"column":26},"end":{"line":36,"column":5}},"line":34},"6":{"name":"render","decl":{"start":{"line":79,"column":35},"end":{"line":79,"column":41}},"loc":{"start":{"line":79,"column":45},"end":{"line":79,"column":1317}},"line":79},"7":{"name":"(anonymous_7)","decl":{"start":{"line":79,"column":206},"end":{"line":79,"column":207}},"loc":{"start":{"line":79,"column":222},"end":{"line":79,"column":273}},"line":79},"8":{"name":"(anonymous_8)","decl":{"start":{"line":79,"column":938},"end":{"line":79,"column":939}},"loc":{"start":{"line":79,"column":953},"end":{"line":79,"column":969}},"line":79},"9":{"name":"(anonymous_9)","decl":{"start":{"line":79,"column":1024},"end":{"line":79,"column":1025}},"loc":{"start":{"line":79,"column":1040},"end":{"line":79,"column":1306}},"line":79}},"branchMap":{"0":{"loc":{"start":{"line":12,"column":46},"end":{"line":12,"column":92}},"type":"cond-expr","locations":[{"start":{"line":12,"column":70},"end":{"line":12,"column":73}},{"start":{"line":12,"column":76},"end":{"line":12,"column":92}}],"line":12},"1":{"loc":{"start":{"line":12,"column":46},"end":{"line":12,"column":67}},"type":"binary-expr","locations":[{"start":{"line":12,"column":46},"end":{"line":12,"column":49}},{"start":{"line":12,"column":53},"end":{"line":12,"column":67}}],"line":12},"2":{"loc":{"start":{"line":77,"column":0},"end":{"line":77,"column":70}},"type":"if","locations":[{"start":{"line":77,"column":0},"end":{"line":77,"column":70}},{"start":{"line":77,"column":0},"end":{"line":77,"column":70}}],"line":77},"3":{"loc":{"start":{"line":78,"column":24},"end":{"line":78,"column":100}},"type":"cond-expr","locations":[{"start":{"line":78,"column":62},"end":{"line":78,"column":84}},{"start":{"line":78,"column":86},"end":{"line":78,"column":100}}],"line":78},"4":{"loc":{"start":{"line":79,"column":92},"end":{"line":79,"column":108}},"type":"binary-expr","locations":[{"start":{"line":79,"column":92},"end":{"line":79,"column":104}},{"start":{"line":79,"column":106},"end":{"line":79,"column":108}}],"line":79}},"s":{"0":0,"1":0,"2":0,"3":0,"4":0,"5":0,"6":0,"7":0,"8":0,"9":0,"10":0,"11":0,"12":0,"13":0,"14":0,"15":0,"16":0,"17":0,"18":0,"19":0,"20":0,"21":0,"22":0},"f":{"0":0,"1":0,"2":0,"3":0,"4":0,"5":0,"6":0,"7":0,"8":0,"9":0},"b":{"0":[0,0],"1":[0,0],"2":[0,0],"3":[0,0],"4":[0,0]}}
,"/Users/luiz/Documents/workspace/involves/inv-github-search/src/components/ExampleButton/index.vue": {"path":"/Users/luiz/Documents/workspace/involves/inv-github-search/src/components/ExampleButton/index.vue","statementMap":{"0":{"start":{"line":16,"column":0},"end":{"line":null,"column":-1}}},"fnMap":{"0":{"name":"data","decl":{"start":{"line":15,"column":0},"end":{"line":null,"column":-1}},"loc":{"start":{"line":15,"column":0},"end":{"line":19,"column":0}}}},"branchMap":{},"s":{"0":1},"f":{"0":1},"b":{}}
,"/Users/luiz/Documents/workspace/involves/inv-github-search/src/components/Navigation/BackTo.vue": {"path":"/Users/luiz/Documents/workspace/involves/inv-github-search/src/components/Navigation/BackTo.vue","statementMap":{"0":{"start":{"line":1,"column":1},"end":{"line":39,"column":4}},"1":{"start":{"line":4,"column":0},"end":{"line":6,"column":3}},"2":{"start":{"line":21,"column":0},"end":{"line":38,"column":2}},"3":{"start":{"line":35,"column":6},"end":{"line":35,"column":35}},"4":{"start":{"line":40,"column":0},"end":{"line":40,"column":70}},"5":{"start":{"line":40,"column":31},"end":{"line":40,"column":70}},"6":{"start":{"line":41,"column":24},"end":{"line":41,"column":100}},"7":{"start":{"line":42,"column":0},"end":{"line":42,"column":384}},"8":{"start":{"line":42,"column":54},"end":{"line":42,"column":58}},"9":{"start":{"line":42,"column":66},"end":{"line":42,"column":84}},"10":{"start":{"line":42,"column":92},"end":{"line":42,"column":108}},"11":{"start":{"line":42,"column":109},"end":{"line":42,"column":383}},"12":{"start":{"line":42,"column":248},"end":{"line":42,"column":262}},"13":{"start":{"line":43,"column":0},"end":{"line":43,"column":37}}},"fnMap":{"0":{"name":"(anonymous_0)","decl":{"start":{"line":1,"column":2},"end":{"line":1,"column":3}},"loc":{"start":{"line":1,"column":12},"end":{"line":39,"column":1}},"line":1},"1":{"name":"openPage","decl":{"start":{"line":34,"column":23},"end":{"line":34,"column":31}},"loc":{"start":{"line":34,"column":34},"end":{"line":36,"column":5}},"line":34},"2":{"name":"render","decl":{"start":{"line":42,"column":35},"end":{"line":42,"column":41}},"loc":{"start":{"line":42,"column":45},"end":{"line":42,"column":384}},"line":42},"3":{"name":"(anonymous_3)","decl":{"start":{"line":42,"column":231},"end":{"line":42,"column":232}},"loc":{"start":{"line":42,"column":247},"end":{"line":42,"column":263}},"line":42}},"branchMap":{"0":{"loc":{"start":{"line":40,"column":0},"end":{"line":40,"column":70}},"type":"if","locations":[{"start":{"line":40,"column":0},"end":{"line":40,"column":70}},{"start":{"line":40,"column":0},"end":{"line":40,"column":70}}],"line":40},"1":{"loc":{"start":{"line":41,"column":24},"end":{"line":41,"column":100}},"type":"cond-expr","locations":[{"start":{"line":41,"column":62},"end":{"line":41,"column":84}},{"start":{"line":41,"column":86},"end":{"line":41,"column":100}}],"line":41},"2":{"loc":{"start":{"line":42,"column":92},"end":{"line":42,"column":108}},"type":"binary-expr","locations":[{"start":{"line":42,"column":92},"end":{"line":42,"column":104}},{"start":{"line":42,"column":106},"end":{"line":42,"column":108}}],"line":42}},"s":{"0":0,"1":0,"2":0,"3":0,"4":0,"5":0,"6":0,"7":0,"8":0,"9":0,"10":0,"11":0,"12":0,"13":0},"f":{"0":0,"1":0,"2":0,"3":0},"b":{"0":[0,0],"1":[0,0],"2":[0,0]}}
,"/Users/luiz/Documents/workspace/involves/inv-github-search/src/components/NoteCard/index.vue": {"path":"/Users/luiz/Documents/workspace/involves/inv-github-search/src/components/NoteCard/index.vue","statementMap":{"0":{"start":{"line":1,"column":1},"end":{"line":34,"column":4}},"1":{"start":{"line":4,"column":0},"end":{"line":6,"column":3}},"2":{"start":{"line":25,"column":0},"end":{"line":33,"column":2}},"3":{"start":{"line":35,"column":0},"end":{"line":35,"column":70}},"4":{"start":{"line":35,"column":31},"end":{"line":35,"column":70}},"5":{"start":{"line":36,"column":24},"end":{"line":36,"column":100}},"6":{"start":{"line":37,"column":0},"end":{"line":37,"column":634}},"7":{"start":{"line":37,"column":54},"end":{"line":37,"column":58}},"8":{"start":{"line":37,"column":66},"end":{"line":37,"column":84}},"9":{"start":{"line":37,"column":92},"end":{"line":37,"column":108}},"10":{"start":{"line":37,"column":109},"end":{"line":37,"column":633}},"11":{"start":{"line":37,"column":242},"end":{"line":37,"column":627}},"12":{"start":{"line":38,"column":0},"end":{"line":38,"column":37}}},"fnMap":{"0":{"name":"(anonymous_0)","decl":{"start":{"line":1,"column":2},"end":{"line":1,"column":3}},"loc":{"start":{"line":1,"column":12},"end":{"line":34,"column":1}},"line":1},"1":{"name":"render","decl":{"start":{"line":37,"column":35},"end":{"line":37,"column":41}},"loc":{"start":{"line":37,"column":45},"end":{"line":37,"column":634}},"line":37},"2":{"name":"(anonymous_2)","decl":{"start":{"line":37,"column":225},"end":{"line":37,"column":226}},"loc":{"start":{"line":37,"column":241},"end":{"line":37,"column":628}},"line":37},"3":{"name":"(anonymous_3)","decl":{"start":{"line":37,"column":323},"end":{"line":37,"column":324}},"loc":{"start":{"line":37,"column":339},"end":{"line":37,"column":341}},"line":37}},"branchMap":{"0":{"loc":{"start":{"line":35,"column":0},"end":{"line":35,"column":70}},"type":"if","locations":[{"start":{"line":35,"column":0},"end":{"line":35,"column":70}},{"start":{"line":35,"column":0},"end":{"line":35,"column":70}}],"line":35},"1":{"loc":{"start":{"line":36,"column":24},"end":{"line":36,"column":100}},"type":"cond-expr","locations":[{"start":{"line":36,"column":62},"end":{"line":36,"column":84}},{"start":{"line":36,"column":86},"end":{"line":36,"column":100}}],"line":36},"2":{"loc":{"start":{"line":37,"column":92},"end":{"line":37,"column":108}},"type":"binary-expr","locations":[{"start":{"line":37,"column":92},"end":{"line":37,"column":104}},{"start":{"line":37,"column":106},"end":{"line":37,"column":108}}],"line":37}},"s":{"0":0,"1":0,"2":0,"3":0,"4":0,"5":0,"6":0,"7":0,"8":0,"9":0,"10":0,"11":0,"12":0},"f":{"0":0,"1":0,"2":0,"3":0},"b":{"0":[0,0],"1":[0,0],"2":[0,0]}}
,"/Users/luiz/Documents/workspace/involves/inv-github-search/src/components/RepoCard/index.vue": {"path":"/Users/luiz/Documents/workspace/involves/inv-github-search/src/components/RepoCard/index.vue","statementMap":{"0":{"start":{"line":1,"column":1},"end":{"line":32,"column":4}},"1":{"start":{"line":4,"column":0},"end":{"line":6,"column":3}},"2":{"start":{"line":23,"column":0},"end":{"line":31,"column":2}},"3":{"start":{"line":33,"column":0},"end":{"line":33,"column":70}},"4":{"start":{"line":33,"column":31},"end":{"line":33,"column":70}},"5":{"start":{"line":34,"column":24},"end":{"line":34,"column":100}},"6":{"start":{"line":35,"column":0},"end":{"line":35,"column":535}},"7":{"start":{"line":35,"column":54},"end":{"line":35,"column":58}},"8":{"start":{"line":35,"column":66},"end":{"line":35,"column":84}},"9":{"start":{"line":35,"column":92},"end":{"line":35,"column":108}},"10":{"start":{"line":35,"column":109},"end":{"line":35,"column":534}},"11":{"start":{"line":36,"column":0},"end":{"line":36,"column":37}}},"fnMap":{"0":{"name":"(anonymous_0)","decl":{"start":{"line":1,"column":2},"end":{"line":1,"column":3}},"loc":{"start":{"line":1,"column":12},"end":{"line":32,"column":1}},"line":1},"1":{"name":"render","decl":{"start":{"line":35,"column":35},"end":{"line":35,"column":41}},"loc":{"start":{"line":35,"column":45},"end":{"line":35,"column":535}},"line":35}},"branchMap":{"0":{"loc":{"start":{"line":33,"column":0},"end":{"line":33,"column":70}},"type":"if","locations":[{"start":{"line":33,"column":0},"end":{"line":33,"column":70}},{"start":{"line":33,"column":0},"end":{"line":33,"column":70}}],"line":33},"1":{"loc":{"start":{"line":34,"column":24},"end":{"line":34,"column":100}},"type":"cond-expr","locations":[{"start":{"line":34,"column":62},"end":{"line":34,"column":84}},{"start":{"line":34,"column":86},"end":{"line":34,"column":100}}],"line":34},"2":{"loc":{"start":{"line":35,"column":92},"end":{"line":35,"column":108}},"type":"binary-expr","locations":[{"start":{"line":35,"column":92},"end":{"line":35,"column":104}},{"start":{"line":35,"column":106},"end":{"line":35,"column":108}}],"line":35}},"s":{"0":0,"1":0,"2":0,"3":0,"4":0,"5":0,"6":0,"7":0,"8":0,"9":0,"10":0,"11":0},"f":{"0":0,"1":0},"b":{"0":[0,0],"1":[0,0],"2":[0,0]}}
,"/Users/luiz/Documents/workspace/involves/inv-github-search/src/components/SnackBar/index.vue": {"path":"/Users/luiz/Documents/workspace/involves/inv-github-search/src/components/SnackBar/index.vue","statementMap":{"0":{"start":{"line":1,"column":1},"end":{"line":46,"column":4}},"1":{"start":{"line":4,"column":0},"end":{"line":6,"column":3}},"2":{"start":{"line":25,"column":0},"end":{"line":45,"column":2}},"3":{"start":{"line":28,"column":6},"end":{"line":28,"column":69}},"4":{"start":{"line":33,"column":6},"end":{"line":33,"column":42}},"5":{"start":{"line":37,"column":4},"end":{"line":43,"column":6}},"6":{"start":{"line":47,"column":0},"end":{"line":47,"column":70}},"7":{"start":{"line":47,"column":31},"end":{"line":47,"column":70}},"8":{"start":{"line":48,"column":24},"end":{"line":48,"column":100}},"9":{"start":{"line":49,"column":0},"end":{"line":49,"column":673}},"10":{"start":{"line":49,"column":54},"end":{"line":49,"column":58}},"11":{"start":{"line":49,"column":66},"end":{"line":49,"column":84}},"12":{"start":{"line":49,"column":92},"end":{"line":49,"column":108}},"13":{"start":{"line":49,"column":109},"end":{"line":49,"column":672}},"14":{"start":{"line":49,"column":418},"end":{"line":49,"column":458}},"15":{"start":{"line":49,"column":620},"end":{"line":49,"column":645}},"16":{"start":{"line":50,"column":0},"end":{"line":50,"column":37}}},"fnMap":{"0":{"name":"(anonymous_0)","decl":{"start":{"line":1,"column":2},"end":{"line":1,"column":3}},"loc":{"start":{"line":1,"column":12},"end":{"line":46,"column":1}},"line":1},"1":{"name":"snackBar","decl":{"start":{"line":27,"column":23},"end":{"line":27,"column":31}},"loc":{"start":{"line":27,"column":34},"end":{"line":29,"column":5}},"line":27},"2":{"name":"closeSnackBar","decl":{"start":{"line":32,"column":28},"end":{"line":32,"column":41}},"loc":{"start":{"line":32,"column":44},"end":{"line":34,"column":5}},"line":32},"3":{"name":"data","decl":{"start":{"line":36,"column":17},"end":{"line":36,"column":21}},"loc":{"start":{"line":36,"column":24},"end":{"line":44,"column":3}},"line":36},"4":{"name":"render","decl":{"start":{"line":49,"column":35},"end":{"line":49,"column":41}},"loc":{"start":{"line":49,"column":45},"end":{"line":49,"column":673}},"line":49},"5":{"name":"(anonymous_5)","decl":{"start":{"line":49,"column":402},"end":{"line":49,"column":403}},"loc":{"start":{"line":49,"column":417},"end":{"line":49,"column":459}},"line":49},"6":{"name":"(anonymous_6)","decl":{"start":{"line":49,"column":603},"end":{"line":49,"column":604}},"loc":{"start":{"line":49,"column":619},"end":{"line":49,"column":646}},"line":49}},"branchMap":{"0":{"loc":{"start":{"line":47,"column":0},"end":{"line":47,"column":70}},"type":"if","locations":[{"start":{"line":47,"column":0},"end":{"line":47,"column":70}},{"start":{"line":47,"column":0},"end":{"line":47,"column":70}}],"line":47},"1":{"loc":{"start":{"line":48,"column":24},"end":{"line":48,"column":100}},"type":"cond-expr","locations":[{"start":{"line":48,"column":62},"end":{"line":48,"column":84}},{"start":{"line":48,"column":86},"end":{"line":48,"column":100}}],"line":48},"2":{"loc":{"start":{"line":49,"column":92},"end":{"line":49,"column":108}},"type":"binary-expr","locations":[{"start":{"line":49,"column":92},"end":{"line":49,"column":104}},{"start":{"line":49,"column":106},"end":{"line":49,"column":108}}],"line":49}},"s":{"0":0,"1":0,"2":0,"3":0,"4":0,"5":0,"6":0,"7":0,"8":0,"9":0,"10":0,"11":0,"12":0,"13":0,"14":0,"15":0,"16":0},"f":{"0":0,"1":0,"2":0,"3":0,"4":0,"5":0,"6":0},"b":{"0":[0,0],"1":[0,0],"2":[0,0]}}
,"/Users/luiz/Documents/workspace/involves/inv-github-search/src/components/UserCard/index.vue": {"path":"/Users/luiz/Documents/workspace/involves/inv-github-search/src/components/UserCard/index.vue","statementMap":{"0":{"start":{"line":1,"column":1},"end":{"line":44,"column":4}},"1":{"start":{"line":4,"column":0},"end":{"line":6,"column":3}},"2":{"start":{"line":29,"column":0},"end":{"line":43,"column":2}},"3":{"start":{"line":34,"column":8},"end":{"line":34,"column":65}},"4":{"start":{"line":40,"column":6},"end":{"line":40,"column":30}},"5":{"start":{"line":45,"column":0},"end":{"line":45,"column":70}},"6":{"start":{"line":45,"column":31},"end":{"line":45,"column":70}},"7":{"start":{"line":46,"column":24},"end":{"line":46,"column":100}},"8":{"start":{"line":47,"column":0},"end":{"line":47,"column":894}},"9":{"start":{"line":47,"column":54},"end":{"line":47,"column":58}},"10":{"start":{"line":47,"column":66},"end":{"line":47,"column":84}},"11":{"start":{"line":47,"column":92},"end":{"line":47,"column":108}},"12":{"start":{"line":47,"column":109},"end":{"line":47,"column":893}},"13":{"start":{"line":47,"column":697},"end":{"line":47,"column":719}},"14":{"start":{"line":47,"column":837},"end":{"line":47,"column":859}},"15":{"start":{"line":48,"column":0},"end":{"line":48,"column":37}}},"fnMap":{"0":{"name":"(anonymous_0)","decl":{"start":{"line":1,"column":2},"end":{"line":1,"column":3}},"loc":{"start":{"line":1,"column":12},"end":{"line":44,"column":1}},"line":1},"1":{"name":"get","decl":{"start":{"line":33,"column":20},"end":{"line":33,"column":23}},"loc":{"start":{"line":33,"column":26},"end":{"line":35,"column":7}},"line":33},"2":{"name":"openPage","decl":{"start":{"line":39,"column":23},"end":{"line":39,"column":31}},"loc":{"start":{"line":39,"column":38},"end":{"line":41,"column":5}},"line":39},"3":{"name":"render","decl":{"start":{"line":47,"column":35},"end":{"line":47,"column":41}},"loc":{"start":{"line":47,"column":45},"end":{"line":47,"column":894}},"line":47},"4":{"name":"(anonymous_4)","decl":{"start":{"line":47,"column":680},"end":{"line":47,"column":681}},"loc":{"start":{"line":47,"column":696},"end":{"line":47,"column":720}},"line":47},"5":{"name":"(anonymous_5)","decl":{"start":{"line":47,"column":820},"end":{"line":47,"column":821}},"loc":{"start":{"line":47,"column":836},"end":{"line":47,"column":860}},"line":47}},"branchMap":{"0":{"loc":{"start":{"line":45,"column":0},"end":{"line":45,"column":70}},"type":"if","locations":[{"start":{"line":45,"column":0},"end":{"line":45,"column":70}},{"start":{"line":45,"column":0},"end":{"line":45,"column":70}}],"line":45},"1":{"loc":{"start":{"line":46,"column":24},"end":{"line":46,"column":100}},"type":"cond-expr","locations":[{"start":{"line":46,"column":62},"end":{"line":46,"column":84}},{"start":{"line":46,"column":86},"end":{"line":46,"column":100}}],"line":46},"2":{"loc":{"start":{"line":47,"column":92},"end":{"line":47,"column":108}},"type":"binary-expr","locations":[{"start":{"line":47,"column":92},"end":{"line":47,"column":104}},{"start":{"line":47,"column":106},"end":{"line":47,"column":108}}],"line":47}},"s":{"0":0,"1":0,"2":0,"3":0,"4":0,"5":0,"6":0,"7":0,"8":0,"9":0,"10":0,"11":0,"12":0,"13":0,"14":0,"15":0},"f":{"0":0,"1":0,"2":0,"3":0,"4":0,"5":0},"b":{"0":[0,0],"1":[0,0],"2":[0,0]}}
,"/Users/luiz/Documents/workspace/involves/inv-github-search/src/components/UserMiniCard/index.vue": {"path":"/Users/luiz/Documents/workspace/involves/inv-github-search/src/components/UserMiniCard/index.vue","statementMap":{"0":{"start":{"line":1,"column":1},"end":{"line":46,"column":4}},"1":{"start":{"line":4,"column":0},"end":{"line":6,"column":3}},"2":{"start":{"line":33,"column":0},"end":{"line":45,"column":2}},"3":{"start":{"line":37,"column":6},"end":{"line":37,"column":63}},"4":{"start":{"line":42,"column":6},"end":{"line":42,"column":38}},"5":{"start":{"line":47,"column":0},"end":{"line":47,"column":70}},"6":{"start":{"line":47,"column":31},"end":{"line":47,"column":70}},"7":{"start":{"line":48,"column":24},"end":{"line":48,"column":100}},"8":{"start":{"line":49,"column":0},"end":{"line":49,"column":661}},"9":{"start":{"line":49,"column":54},"end":{"line":49,"column":58}},"10":{"start":{"line":49,"column":66},"end":{"line":49,"column":84}},"11":{"start":{"line":49,"column":92},"end":{"line":49,"column":108}},"12":{"start":{"line":49,"column":109},"end":{"line":49,"column":660}},"13":{"start":{"line":49,"column":266},"end":{"line":49,"column":293}},"14":{"start":{"line":49,"column":538},"end":{"line":49,"column":565}},"15":{"start":{"line":50,"column":0},"end":{"line":50,"column":37}}},"fnMap":{"0":{"name":"(anonymous_0)","decl":{"start":{"line":1,"column":2},"end":{"line":1,"column":3}},"loc":{"start":{"line":1,"column":12},"end":{"line":46,"column":1}},"line":1},"1":{"name":"userSearch","decl":{"start":{"line":36,"column":25},"end":{"line":36,"column":35}},"loc":{"start":{"line":36,"column":38},"end":{"line":38,"column":5}},"line":36},"2":{"name":"clean","decl":{"start":{"line":41,"column":20},"end":{"line":41,"column":25}},"loc":{"start":{"line":41,"column":28},"end":{"line":43,"column":5}},"line":41},"3":{"name":"render","decl":{"start":{"line":49,"column":35},"end":{"line":49,"column":41}},"loc":{"start":{"line":49,"column":45},"end":{"line":49,"column":661}},"line":49},"4":{"name":"(anonymous_4)","decl":{"start":{"line":49,"column":249},"end":{"line":49,"column":250}},"loc":{"start":{"line":49,"column":265},"end":{"line":49,"column":294}},"line":49},"5":{"name":"(anonymous_5)","decl":{"start":{"line":49,"column":521},"end":{"line":49,"column":522}},"loc":{"start":{"line":49,"column":537},"end":{"line":49,"column":566}},"line":49}},"branchMap":{"0":{"loc":{"start":{"line":47,"column":0},"end":{"line":47,"column":70}},"type":"if","locations":[{"start":{"line":47,"column":0},"end":{"line":47,"column":70}},{"start":{"line":47,"column":0},"end":{"line":47,"column":70}}],"line":47},"1":{"loc":{"start":{"line":48,"column":24},"end":{"line":48,"column":100}},"type":"cond-expr","locations":[{"start":{"line":48,"column":62},"end":{"line":48,"column":84}},{"start":{"line":48,"column":86},"end":{"line":48,"column":100}}],"line":48},"2":{"loc":{"start":{"line":49,"column":92},"end":{"line":49,"column":108}},"type":"binary-expr","locations":[{"start":{"line":49,"column":92},"end":{"line":49,"column":104}},{"start":{"line":49,"column":106},"end":{"line":49,"column":108}}],"line":49}},"s":{"0":0,"1":0,"2":0,"3":0,"4":0,"5":0,"6":0,"7":0,"8":0,"9":0,"10":0,"11":0,"12":0,"13":0,"14":0,"15":0},"f":{"0":0,"1":0,"2":0,"3":0,"4":0,"5":0},"b":{"0":[0,0],"1":[0,0],"2":[0,0]}}
,"/Users/luiz/Documents/workspace/involves/inv-github-search/src/libs/auth-lib.js": {"path":"/Users/luiz/Documents/workspace/involves/inv-github-search/src/libs/auth-lib.js","statementMap":{"0":{"start":{"line":1,"column":13},"end":{"line":1,"column":75}},"1":{"start":{"line":1,"column":98},"end":{"line":1,"column":132}},"2":{"start":{"line":1,"column":157},"end":{"line":1,"column":197}},"3":{"start":{"line":1,"column":236},"end":{"line":1,"column":290}},"4":{"start":{"line":12,"column":14},"end":{"line":17,"column":3}},"5":{"start":{"line":13,"column":17},"end":{"line":13,"column":101}},"6":{"start":{"line":13,"column":43},"end":{"line":13,"column":100}},"7":{"start":{"line":14,"column":2},"end":{"line":15,"column":25}},"8":{"start":{"line":17,"column":4},"end":{"line":19,"column":8}}},"fnMap":{"0":{"name":"_interopRequireDefault","decl":{"start":{"line":1,"column":207},"end":{"line":1,"column":229}},"loc":{"start":{"line":1,"column":235},"end":{"line":1,"column":291}},"line":1},"1":{"name":"(anonymous_1)","decl":{"start":{"line":12,"column":14},"end":{"line":12,"column":15}},"loc":{"start":{"line":12,"column":26},"end":{"line":17,"column":1}},"line":12},"2":{"name":"setToken","decl":{"start":{"line":13,"column":26},"end":{"line":13,"column":34}},"loc":{"start":{"line":13,"column":42},"end":{"line":13,"column":101}},"line":13}},"branchMap":{"0":{"loc":{"start":{"line":1,"column":243},"end":{"line":1,"column":289}},"type":"cond-expr","locations":[{"start":{"line":1,"column":267},"end":{"line":1,"column":270}},{"start":{"line":1,"column":273},"end":{"line":1,"column":289}}],"line":1},"1":{"loc":{"start":{"line":1,"column":243},"end":{"line":1,"column":264}},"type":"binary-expr","locations":[{"start":{"line":1,"column":243},"end":{"line":1,"column":246}},{"start":{"line":1,"column":250},"end":{"line":1,"column":264}}],"line":1}},"s":{"0":0,"1":0,"2":0,"3":0,"4":0,"5":0,"6":0,"7":0,"8":0},"f":{"0":0,"1":0,"2":0},"b":{"0":[0,0],"1":[0,0]}}
,"/Users/luiz/Documents/workspace/involves/inv-github-search/src/libs/localstorage-lib.js": {"path":"/Users/luiz/Documents/workspace/involves/inv-github-search/src/libs/localstorage-lib.js","statementMap":{"0":{"start":{"line":1,"column":13},"end":{"line":1,"column":75}},"1":{"start":{"line":1,"column":92},"end":{"line":1,"column":139}},"2":{"start":{"line":1,"column":158},"end":{"line":1,"column":192}},"3":{"start":{"line":1,"column":231},"end":{"line":1,"column":285}},"4":{"start":{"line":6,"column":22},"end":{"line":15,"column":3}},"5":{"start":{"line":7,"column":18},"end":{"line":7,"column":81}},"6":{"start":{"line":7,"column":43},"end":{"line":7,"column":80}},"7":{"start":{"line":8,"column":14},"end":{"line":8,"column":59}},"8":{"start":{"line":8,"column":35},"end":{"line":8,"column":58}},"9":{"start":{"line":9,"column":16},"end":{"line":9,"column":96}},"10":{"start":{"line":9,"column":45},"end":{"line":9,"column":95}},"11":{"start":{"line":10,"column":16},"end":{"line":10,"column":80}},"12":{"start":{"line":10,"column":39},"end":{"line":10,"column":79}},"13":{"start":{"line":11,"column":2},"end":{"line":13,"column":23}},"14":{"start":{"line":15,"column":4},"end":{"line":17,"column":16}}},"fnMap":{"0":{"name":"_interopRequireDefault","decl":{"start":{"line":1,"column":202},"end":{"line":1,"column":224}},"loc":{"start":{"line":1,"column":230},"end":{"line":1,"column":286}},"line":1},"1":{"name":"(anonymous_1)","decl":{"start":{"line":6,"column":22},"end":{"line":6,"column":23}},"loc":{"start":{"line":6,"column":34},"end":{"line":15,"column":1}},"line":6},"2":{"name":"stringify","decl":{"start":{"line":7,"column":27},"end":{"line":7,"column":36}},"loc":{"start":{"line":7,"column":42},"end":{"line":7,"column":81}},"line":7},"3":{"name":"parse","decl":{"start":{"line":8,"column":23},"end":{"line":8,"column":28}},"loc":{"start":{"line":8,"column":34},"end":{"line":8,"column":59}},"line":8},"4":{"name":"addItem","decl":{"start":{"line":9,"column":25},"end":{"line":9,"column":32}},"loc":{"start":{"line":9,"column":44},"end":{"line":9,"column":96}},"line":9},"5":{"name":"getItem","decl":{"start":{"line":10,"column":25},"end":{"line":10,"column":32}},"loc":{"start":{"line":10,"column":38},"end":{"line":10,"column":80}},"line":10}},"branchMap":{"0":{"loc":{"start":{"line":1,"column":238},"end":{"line":1,"column":284}},"type":"cond-expr","locations":[{"start":{"line":1,"column":262},"end":{"line":1,"column":265}},{"start":{"line":1,"column":268},"end":{"line":1,"column":284}}],"line":1},"1":{"loc":{"start":{"line":1,"column":238},"end":{"line":1,"column":259}},"type":"binary-expr","locations":[{"start":{"line":1,"column":238},"end":{"line":1,"column":241}},{"start":{"line":1,"column":245},"end":{"line":1,"column":259}}],"line":1}},"s":{"0":0,"1":0,"2":0,"3":0,"4":0,"5":0,"6":0,"7":0,"8":0,"9":0,"10":0,"11":0,"12":0,"13":0,"14":0},"f":{"0":0,"1":0,"2":0,"3":0,"4":0,"5":0},"b":{"0":[0,0],"1":[0,0]}}
,"/Users/luiz/Documents/workspace/involves/inv-github-search/src/libs/notes-lib.js": {"path":"/Users/luiz/Documents/workspace/involves/inv-github-search/src/libs/notes-lib.js","statementMap":{"0":{"start":{"line":1,"column":13},"end":{"line":1,"column":75}},"1":{"start":{"line":1,"column":98},"end":{"line":1,"column":132}},"2":{"start":{"line":1,"column":157},"end":{"line":1,"column":197}},"3":{"start":{"line":1,"column":236},"end":{"line":1,"column":290}},"4":{"start":{"line":11,"column":15},"end":{"line":30,"column":3}},"5":{"start":{"line":12,"column":17},"end":{"line":12,"column":89}},"6":{"start":{"line":12,"column":38},"end":{"line":12,"column":88}},"7":{"start":{"line":13,"column":17},"end":{"line":13,"column":101}},"8":{"start":{"line":13,"column":43},"end":{"line":13,"column":100}},"9":{"start":{"line":14,"column":16},"end":{"line":24,"column":3}},"10":{"start":{"line":15,"column":16},"end":{"line":15,"column":26}},"11":{"start":{"line":16,"column":4},"end":{"line":21,"column":5}},"12":{"start":{"line":17,"column":6},"end":{"line":17,"column":23}},"13":{"start":{"line":19,"column":6},"end":{"line":19,"column":17}},"14":{"start":{"line":20,"column":6},"end":{"line":20,"column":23}},"15":{"start":{"line":22,"column":4},"end":{"line":22,"column":20}},"16":{"start":{"line":23,"column":4},"end":{"line":23,"column":15}},"17":{"start":{"line":26,"column":2},"end":{"line":28,"column":25}},"18":{"start":{"line":30,"column":4},"end":{"line":32,"column":9}}},"fnMap":{"0":{"name":"_interopRequireDefault","decl":{"start":{"line":1,"column":207},"end":{"line":1,"column":229}},"loc":{"start":{"line":1,"column":235},"end":{"line":1,"column":291}},"line":1},"1":{"name":"(anonymous_1)","decl":{"start":{"line":11,"column":15},"end":{"line":11,"column":16}},"loc":{"start":{"line":11,"column":27},"end":{"line":30,"column":1}},"line":11},"2":{"name":"getNotes","decl":{"start":{"line":12,"column":26},"end":{"line":12,"column":34}},"loc":{"start":{"line":12,"column":37},"end":{"line":12,"column":89}},"line":12},"3":{"name":"addNotes","decl":{"start":{"line":13,"column":26},"end":{"line":13,"column":34}},"loc":{"start":{"line":13,"column":42},"end":{"line":13,"column":101}},"line":13},"4":{"name":"addNote","decl":{"start":{"line":14,"column":25},"end":{"line":14,"column":32}},"loc":{"start":{"line":14,"column":49},"end":{"line":24,"column":3}},"line":14}},"branchMap":{"0":{"loc":{"start":{"line":1,"column":243},"end":{"line":1,"column":289}},"type":"cond-expr","locations":[{"start":{"line":1,"column":267},"end":{"line":1,"column":270}},{"start":{"line":1,"column":273},"end":{"line":1,"column":289}}],"line":1},"1":{"loc":{"start":{"line":1,"column":243},"end":{"line":1,"column":264}},"type":"binary-expr","locations":[{"start":{"line":1,"column":243},"end":{"line":1,"column":246}},{"start":{"line":1,"column":250},"end":{"line":1,"column":264}}],"line":1},"2":{"loc":{"start":{"line":16,"column":4},"end":{"line":21,"column":5}},"type":"if","locations":[{"start":{"line":16,"column":4},"end":{"line":21,"column":5}},{"start":{"line":16,"column":4},"end":{"line":21,"column":5}}],"line":16}},"s":{"0":0,"1":0,"2":0,"3":0,"4":0,"5":0,"6":0,"7":0,"8":0,"9":0,"10":0,"11":0,"12":0,"13":0,"14":0,"15":0,"16":0,"17":0,"18":0},"f":{"0":0,"1":0,"2":0,"3":0,"4":0},"b":{"0":[0,0],"1":[0,0],"2":[0,0]}}
,"/Users/luiz/Documents/workspace/involves/inv-github-search/src/pages/HomePage/index.vue": {"path":"/Users/luiz/Documents/workspace/involves/inv-github-search/src/pages/HomePage/index.vue","statementMap":{"0":{"start":{"line":1,"column":1},"end":{"line":94,"column":4}},"1":{"start":{"line":4,"column":0},"end":{"line":6,"column":3}},"2":{"start":{"line":8,"column":13},"end":{"line":8,"column":29}},"3":{"start":{"line":10,"column":14},"end":{"line":10,"column":44}},"4":{"start":{"line":12,"column":16},"end":{"line":12,"column":48}},"5":{"start":{"line":14,"column":17},"end":{"line":14,"column":50}},"6":{"start":{"line":16,"column":20},"end":{"line":16,"column":56}},"7":{"start":{"line":18,"column":21},"end":{"line":18,"column":58}},"8":{"start":{"line":20,"column":22},"end":{"line":20,"column":58}},"9":{"start":{"line":22,"column":23},"end":{"line":22,"column":62}},"10":{"start":{"line":24,"column":39},"end":{"line":24,"column":93}},"11":{"start":{"line":59,"column":0},"end":{"line":93,"column":2}},"12":{"start":{"line":67,"column":4},"end":{"line":69,"column":6}},"13":{"start":{"line":74,"column":6},"end":{"line":74,"column":63}},"14":{"start":{"line":79,"column":6},"end":{"line":79,"column":55}},"15":{"start":{"line":82,"column":6},"end":{"line":82,"column":38}},"16":{"start":{"line":89,"column":4},"end":{"line":91,"column":5}},"17":{"start":{"line":90,"column":6},"end":{"line":90,"column":58}},"18":{"start":{"line":95,"column":0},"end":{"line":95,"column":70}},"19":{"start":{"line":95,"column":31},"end":{"line":95,"column":70}},"20":{"start":{"line":96,"column":24},"end":{"line":96,"column":100}},"21":{"start":{"line":97,"column":0},"end":{"line":97,"column":947}},"22":{"start":{"line":97,"column":54},"end":{"line":97,"column":58}},"23":{"start":{"line":97,"column":66},"end":{"line":97,"column":84}},"24":{"start":{"line":97,"column":92},"end":{"line":97,"column":108}},"25":{"start":{"line":97,"column":109},"end":{"line":97,"column":946}},"26":{"start":{"line":97,"column":215},"end":{"line":97,"column":239}},"27":{"start":{"line":97,"column":239},"end":{"line":97,"column":257}},"28":{"start":{"line":97,"column":507},"end":{"line":97,"column":525}},"29":{"start":{"line":98,"column":0},"end":{"line":98,"column":37}}},"fnMap":{"0":{"name":"(anonymous_0)","decl":{"start":{"line":1,"column":2},"end":{"line":1,"column":3}},"loc":{"start":{"line":1,"column":12},"end":{"line":94,"column":1}},"line":1},"1":{"name":"_interopRequireDefault","decl":{"start":{"line":24,"column":9},"end":{"line":24,"column":31}},"loc":{"start":{"line":24,"column":37},"end":{"line":24,"column":95}},"line":24},"2":{"name":"data","decl":{"start":{"line":66,"column":17},"end":{"line":66,"column":21}},"loc":{"start":{"line":66,"column":24},"end":{"line":70,"column":3}},"line":66},"3":{"name":"userSearch","decl":{"start":{"line":73,"column":25},"end":{"line":73,"column":35}},"loc":{"start":{"line":73,"column":38},"end":{"line":75,"column":5}},"line":73},"4":{"name":"search","decl":{"start":{"line":78,"column":21},"end":{"line":78,"column":27}},"loc":{"start":{"line":78,"column":30},"end":{"line":80,"column":5}},"line":78},"5":{"name":"clean","decl":{"start":{"line":81,"column":20},"end":{"line":81,"column":25}},"loc":{"start":{"line":81,"column":28},"end":{"line":83,"column":5}},"line":81},"6":{"name":"mounted","decl":{"start":{"line":88,"column":20},"end":{"line":88,"column":27}},"loc":{"start":{"line":88,"column":30},"end":{"line":92,"column":3}},"line":88},"7":{"name":"render","decl":{"start":{"line":97,"column":35},"end":{"line":97,"column":41}},"loc":{"start":{"line":97,"column":45},"end":{"line":97,"column":947}},"line":97},"8":{"name":"(anonymous_8)","decl":{"start":{"line":97,"column":198},"end":{"line":97,"column":199}},"loc":{"start":{"line":97,"column":214},"end":{"line":97,"column":258}},"line":97},"9":{"name":"(anonymous_9)","decl":{"start":{"line":97,"column":491},"end":{"line":97,"column":492}},"loc":{"start":{"line":97,"column":506},"end":{"line":97,"column":526}},"line":97}},"branchMap":{"0":{"loc":{"start":{"line":24,"column":46},"end":{"line":24,"column":92}},"type":"cond-expr","locations":[{"start":{"line":24,"column":70},"end":{"line":24,"column":73}},{"start":{"line":24,"column":76},"end":{"line":24,"column":92}}],"line":24},"1":{"loc":{"start":{"line":24,"column":46},"end":{"line":24,"column":67}},"type":"binary-expr","locations":[{"start":{"line":24,"column":46},"end":{"line":24,"column":49}},{"start":{"line":24,"column":53},"end":{"line":24,"column":67}}],"line":24},"2":{"loc":{"start":{"line":89,"column":4},"end":{"line":91,"column":5}},"type":"if","locations":[{"start":{"line":89,"column":4},"end":{"line":91,"column":5}},{"start":{"line":89,"column":4},"end":{"line":91,"column":5}}],"line":89},"3":{"loc":{"start":{"line":95,"column":0},"end":{"line":95,"column":70}},"type":"if","locations":[{"start":{"line":95,"column":0},"end":{"line":95,"column":70}},{"start":{"line":95,"column":0},"end":{"line":95,"column":70}}],"line":95},"4":{"loc":{"start":{"line":96,"column":24},"end":{"line":96,"column":100}},"type":"cond-expr","locations":[{"start":{"line":96,"column":62},"end":{"line":96,"column":84}},{"start":{"line":96,"column":86},"end":{"line":96,"column":100}}],"line":96},"5":{"loc":{"start":{"line":97,"column":92},"end":{"line":97,"column":108}},"type":"binary-expr","locations":[{"start":{"line":97,"column":92},"end":{"line":97,"column":104}},{"start":{"line":97,"column":106},"end":{"line":97,"column":108}}],"line":97}},"s":{"0":0,"1":0,"2":0,"3":0,"4":0,"5":0,"6":0,"7":0,"8":0,"9":0,"10":0,"11":0,"12":0,"13":0,"14":0,"15":0,"16":0,"17":0,"18":0,"19":0,"20":0,"21":0,"22":0,"23":0,"24":0,"25":0,"26":0,"27":0,"28":0,"29":0},"f":{"0":0,"1":0,"2":0,"3":0,"4":0,"5":0,"6":0,"7":0,"8":0,"9":0},"b":{"0":[0,0],"1":[0,0],"2":[0,0],"3":[0,0],"4":[0,0],"5":[0,0]}}
,"/Users/luiz/Documents/workspace/involves/inv-github-search/src/pages/HomePage/sections/ResultsSection.vue": {"path":"/Users/luiz/Documents/workspace/involves/inv-github-search/src/pages/HomePage/sections/ResultsSection.vue","statementMap":{"0":{"start":{"line":1,"column":1},"end":{"line":36,"column":4}},"1":{"start":{"line":4,"column":0},"end":{"line":6,"column":3}},"2":{"start":{"line":8,"column":20},"end":{"line":8,"column":56}},"3":{"start":{"line":10,"column":21},"end":{"line":10,"column":58}},"4":{"start":{"line":12,"column":39},"end":{"line":12,"column":93}},"5":{"start":{"line":14,"column":0},"end":{"line":24,"column":2}},"6":{"start":{"line":21,"column":6},"end":{"line":21,"column":63}},"7":{"start":{"line":37,"column":0},"end":{"line":37,"column":70}},"8":{"start":{"line":37,"column":31},"end":{"line":37,"column":70}},"9":{"start":{"line":38,"column":24},"end":{"line":38,"column":100}},"10":{"start":{"line":39,"column":0},"end":{"line":39,"column":299}},"11":{"start":{"line":39,"column":54},"end":{"line":39,"column":58}},"12":{"start":{"line":39,"column":66},"end":{"line":39,"column":84}},"13":{"start":{"line":39,"column":92},"end":{"line":39,"column":108}},"14":{"start":{"line":39,"column":109},"end":{"line":39,"column":298}},"15":{"start":{"line":40,"column":0},"end":{"line":40,"column":37}}},"fnMap":{"0":{"name":"(anonymous_0)","decl":{"start":{"line":1,"column":2},"end":{"line":1,"column":3}},"loc":{"start":{"line":1,"column":12},"end":{"line":36,"column":1}},"line":1},"1":{"name":"_interopRequireDefault","decl":{"start":{"line":12,"column":9},"end":{"line":12,"column":31}},"loc":{"start":{"line":12,"column":37},"end":{"line":12,"column":95}},"line":12},"2":{"name":"userSearch","decl":{"start":{"line":20,"column":25},"end":{"line":20,"column":35}},"loc":{"start":{"line":20,"column":38},"end":{"line":22,"column":5}},"line":20},"3":{"name":"render","decl":{"start":{"line":39,"column":35},"end":{"line":39,"column":41}},"loc":{"start":{"line":39,"column":45},"end":{"line":39,"column":299}},"line":39}},"branchMap":{"0":{"loc":{"start":{"line":12,"column":46},"end":{"line":12,"column":92}},"type":"cond-expr","locations":[{"start":{"line":12,"column":70},"end":{"line":12,"column":73}},{"start":{"line":12,"column":76},"end":{"line":12,"column":92}}],"line":12},"1":{"loc":{"start":{"line":12,"column":46},"end":{"line":12,"column":67}},"type":"binary-expr","locations":[{"start":{"line":12,"column":46},"end":{"line":12,"column":49}},{"start":{"line":12,"column":53},"end":{"line":12,"column":67}}],"line":12},"2":{"loc":{"start":{"line":37,"column":0},"end":{"line":37,"column":70}},"type":"if","locations":[{"start":{"line":37,"column":0},"end":{"line":37,"column":70}},{"start":{"line":37,"column":0},"end":{"line":37,"column":70}}],"line":37},"3":{"loc":{"start":{"line":38,"column":24},"end":{"line":38,"column":100}},"type":"cond-expr","locations":[{"start":{"line":38,"column":62},"end":{"line":38,"column":84}},{"start":{"line":38,"column":86},"end":{"line":38,"column":100}}],"line":38},"4":{"loc":{"start":{"line":39,"column":92},"end":{"line":39,"column":108}},"type":"binary-expr","locations":[{"start":{"line":39,"column":92},"end":{"line":39,"column":104}},{"start":{"line":39,"column":106},"end":{"line":39,"column":108}}],"line":39},"5":{"loc":{"start":{"line":39,"column":116},"end":{"line":39,"column":298}},"type":"cond-expr","locations":[{"start":{"line":39,"column":140},"end":{"line":39,"column":289}},{"start":{"line":39,"column":290},"end":{"line":39,"column":298}}],"line":39}},"s":{"0":0,"1":0,"2":0,"3":0,"4":0,"5":0,"6":0,"7":0,"8":0,"9":0,"10":0,"11":0,"12":0,"13":0,"14":0,"15":0},"f":{"0":0,"1":0,"2":0,"3":0},"b":{"0":[0,0],"1":[0,0],"2":[0,0],"3":[0,0],"4":[0,0],"5":[0,0]}}
,"/Users/luiz/Documents/workspace/involves/inv-github-search/src/pages/NotFoundPage/index.vue": {"path":"/Users/luiz/Documents/workspace/involves/inv-github-search/src/pages/NotFoundPage/index.vue","statementMap":{"0":{"start":{"line":1,"column":1},"end":{"line":26,"column":4}},"1":{"start":{"line":4,"column":0},"end":{"line":6,"column":3}},"2":{"start":{"line":8,"column":14},"end":{"line":8,"column":55}},"3":{"start":{"line":10,"column":15},"end":{"line":10,"column":46}},"4":{"start":{"line":12,"column":39},"end":{"line":12,"column":93}},"5":{"start":{"line":14,"column":0},"end":{"line":19,"column":2}},"6":{"start":{"line":27,"column":0},"end":{"line":27,"column":70}},"7":{"start":{"line":27,"column":31},"end":{"line":27,"column":70}},"8":{"start":{"line":28,"column":24},"end":{"line":28,"column":100}},"9":{"start":{"line":29,"column":0},"end":{"line":29,"column":270}},"10":{"start":{"line":29,"column":54},"end":{"line":29,"column":58}},"11":{"start":{"line":29,"column":66},"end":{"line":29,"column":84}},"12":{"start":{"line":29,"column":92},"end":{"line":29,"column":108}},"13":{"start":{"line":29,"column":109},"end":{"line":29,"column":269}},"14":{"start":{"line":30,"column":0},"end":{"line":30,"column":37}}},"fnMap":{"0":{"name":"(anonymous_0)","decl":{"start":{"line":1,"column":2},"end":{"line":1,"column":3}},"loc":{"start":{"line":1,"column":12},"end":{"line":26,"column":1}},"line":1},"1":{"name":"_interopRequireDefault","decl":{"start":{"line":12,"column":9},"end":{"line":12,"column":31}},"loc":{"start":{"line":12,"column":37},"end":{"line":12,"column":95}},"line":12},"2":{"name":"render","decl":{"start":{"line":29,"column":35},"end":{"line":29,"column":41}},"loc":{"start":{"line":29,"column":45},"end":{"line":29,"column":270}},"line":29}},"branchMap":{"0":{"loc":{"start":{"line":12,"column":46},"end":{"line":12,"column":92}},"type":"cond-expr","locations":[{"start":{"line":12,"column":70},"end":{"line":12,"column":73}},{"start":{"line":12,"column":76},"end":{"line":12,"column":92}}],"line":12},"1":{"loc":{"start":{"line":12,"column":46},"end":{"line":12,"column":67}},"type":"binary-expr","locations":[{"start":{"line":12,"column":46},"end":{"line":12,"column":49}},{"start":{"line":12,"column":53},"end":{"line":12,"column":67}}],"line":12},"2":{"loc":{"start":{"line":27,"column":0},"end":{"line":27,"column":70}},"type":"if","locations":[{"start":{"line":27,"column":0},"end":{"line":27,"column":70}},{"start":{"line":27,"column":0},"end":{"line":27,"column":70}}],"line":27},"3":{"loc":{"start":{"line":28,"column":24},"end":{"line":28,"column":100}},"type":"cond-expr","locations":[{"start":{"line":28,"column":62},"end":{"line":28,"column":84}},{"start":{"line":28,"column":86},"end":{"line":28,"column":100}}],"line":28},"4":{"loc":{"start":{"line":29,"column":92},"end":{"line":29,"column":108}},"type":"binary-expr","locations":[{"start":{"line":29,"column":92},"end":{"line":29,"column":104}},{"start":{"line":29,"column":106},"end":{"line":29,"column":108}}],"line":29}},"s":{"0":0,"1":0,"2":0,"3":0,"4":0,"5":0,"6":0,"7":0,"8":0,"9":0,"10":0,"11":0,"12":0,"13":0,"14":0},"f":{"0":0,"1":0,"2":0},"b":{"0":[0,0],"1":[0,0],"2":[0,0],"3":[0,0],"4":[0,0]}}
,"/Users/luiz/Documents/workspace/involves/inv-github-search/src/pages/NotePage/index.vue": {"path":"/Users/luiz/Documents/workspace/involves/inv-github-search/src/pages/NotePage/index.vue","statementMap":{"0":{"start":{"line":1,"column":1},"end":{"line":92,"column":4}},"1":{"start":{"line":4,"column":0},"end":{"line":6,"column":3}},"2":{"start":{"line":8,"column":16},"end":{"line":8,"column":49}},"3":{"start":{"line":10,"column":17},"end":{"line":10,"column":50}},"4":{"start":{"line":12,"column":39},"end":{"line":12,"column":93}},"5":{"start":{"line":14,"column":0},"end":{"line":51,"column":2}},"6":{"start":{"line":17,"column":4},"end":{"line":24,"column":6}},"7":{"start":{"line":29,"column":6},"end":{"line":29,"column":63}},"8":{"start":{"line":33,"column":4},"end":{"line":38,"column":5}},"9":{"start":{"line":34,"column":6},"end":{"line":34,"column":44}},"10":{"start":{"line":36,"column":6},"end":{"line":36,"column":112}},"11":{"start":{"line":37,"column":6},"end":{"line":37,"column":34}},"12":{"start":{"line":43,"column":18},"end":{"line":43,"column":22}},"13":{"start":{"line":45,"column":6},"end":{"line":48,"column":9}},"14":{"start":{"line":46,"column":8},"end":{"line":46,"column":78}},"15":{"start":{"line":47,"column":8},"end":{"line":47,"column":37}},"16":{"start":{"line":93,"column":0},"end":{"line":93,"column":70}},"17":{"start":{"line":93,"column":31},"end":{"line":93,"column":70}},"18":{"start":{"line":94,"column":24},"end":{"line":94,"column":100}},"19":{"start":{"line":95,"column":0},"end":{"line":95,"column":998}},"20":{"start":{"line":95,"column":54},"end":{"line":95,"column":58}},"21":{"start":{"line":95,"column":66},"end":{"line":95,"column":84}},"22":{"start":{"line":95,"column":92},"end":{"line":95,"column":108}},"23":{"start":{"line":95,"column":109},"end":{"line":95,"column":997}},"24":{"start":{"line":95,"column":472},"end":{"line":95,"column":504}},"25":{"start":{"line":95,"column":737},"end":{"line":95,"column":768}},"26":{"start":{"line":96,"column":0},"end":{"line":96,"column":37}}},"fnMap":{"0":{"name":"(anonymous_0)","decl":{"start":{"line":1,"column":2},"end":{"line":1,"column":3}},"loc":{"start":{"line":1,"column":12},"end":{"line":92,"column":1}},"line":1},"1":{"name":"_interopRequireDefault","decl":{"start":{"line":12,"column":9},"end":{"line":12,"column":31}},"loc":{"start":{"line":12,"column":37},"end":{"line":12,"column":95}},"line":12},"2":{"name":"data","decl":{"start":{"line":16,"column":17},"end":{"line":16,"column":21}},"loc":{"start":{"line":16,"column":24},"end":{"line":25,"column":3}},"line":16},"3":{"name":"userSearch","decl":{"start":{"line":28,"column":25},"end":{"line":28,"column":35}},"loc":{"start":{"line":28,"column":38},"end":{"line":30,"column":5}},"line":28},"4":{"name":"mounted","decl":{"start":{"line":32,"column":20},"end":{"line":32,"column":27}},"loc":{"start":{"line":32,"column":30},"end":{"line":39,"column":3}},"line":32},"5":{"name":"addNote","decl":{"start":{"line":42,"column":22},"end":{"line":42,"column":29}},"loc":{"start":{"line":42,"column":32},"end":{"line":49,"column":5}},"line":42},"6":{"name":"(anonymous_6)","decl":{"start":{"line":45,"column":44},"end":{"line":45,"column":45}},"loc":{"start":{"line":45,"column":56},"end":{"line":48,"column":7}},"line":45},"7":{"name":"render","decl":{"start":{"line":95,"column":35},"end":{"line":95,"column":41}},"loc":{"start":{"line":95,"column":45},"end":{"line":95,"column":998}},"line":95},"8":{"name":"(anonymous_8)","decl":{"start":{"line":95,"column":456},"end":{"line":95,"column":457}},"loc":{"start":{"line":95,"column":471},"end":{"line":95,"column":505}},"line":95},"9":{"name":"(anonymous_9)","decl":{"start":{"line":95,"column":721},"end":{"line":95,"column":722}},"loc":{"start":{"line":95,"column":736},"end":{"line":95,"column":769}},"line":95}},"branchMap":{"0":{"loc":{"start":{"line":12,"column":46},"end":{"line":12,"column":92}},"type":"cond-expr","locations":[{"start":{"line":12,"column":70},"end":{"line":12,"column":73}},{"start":{"line":12,"column":76},"end":{"line":12,"column":92}}],"line":12},"1":{"loc":{"start":{"line":12,"column":46},"end":{"line":12,"column":67}},"type":"binary-expr","locations":[{"start":{"line":12,"column":46},"end":{"line":12,"column":49}},{"start":{"line":12,"column":53},"end":{"line":12,"column":67}}],"line":12},"2":{"loc":{"start":{"line":33,"column":4},"end":{"line":38,"column":5}},"type":"if","locations":[{"start":{"line":33,"column":4},"end":{"line":38,"column":5}},{"start":{"line":33,"column":4},"end":{"line":38,"column":5}}],"line":33},"3":{"loc":{"start":{"line":93,"column":0},"end":{"line":93,"column":70}},"type":"if","locations":[{"start":{"line":93,"column":0},"end":{"line":93,"column":70}},{"start":{"line":93,"column":0},"end":{"line":93,"column":70}}],"line":93},"4":{"loc":{"start":{"line":94,"column":24},"end":{"line":94,"column":100}},"type":"cond-expr","locations":[{"start":{"line":94,"column":62},"end":{"line":94,"column":84}},{"start":{"line":94,"column":86},"end":{"line":94,"column":100}}],"line":94},"5":{"loc":{"start":{"line":95,"column":92},"end":{"line":95,"column":108}},"type":"binary-expr","locations":[{"start":{"line":95,"column":92},"end":{"line":95,"column":104}},{"start":{"line":95,"column":106},"end":{"line":95,"column":108}}],"line":95}},"s":{"0":0,"1":0,"2":0,"3":0,"4":0,"5":0,"6":0,"7":0,"8":0,"9":0,"10":0,"11":0,"12":0,"13":0,"14":0,"15":0,"16":0,"17":0,"18":0,"19":0,"20":0,"21":0,"22":0,"23":0,"24":0,"25":0,"26":0},"f":{"0":0,"1":0,"2":0,"3":0,"4":0,"5":0,"6":0,"7":0,"8":0,"9":0},"b":{"0":[0,0],"1":[0,0],"2":[0,0],"3":[0,0],"4":[0,0],"5":[0,0]}}
,"/Users/luiz/Documents/workspace/involves/inv-github-search/src/pages/NotesPage/index.vue": {"path":"/Users/luiz/Documents/workspace/involves/inv-github-search/src/pages/NotesPage/index.vue","statementMap":{"0":{"start":{"line":1,"column":1},"end":{"line":67,"column":4}},"1":{"start":{"line":4,"column":0},"end":{"line":6,"column":3}},"2":{"start":{"line":8,"column":16},"end":{"line":8,"column":43}},"3":{"start":{"line":10,"column":17},"end":{"line":10,"column":50}},"4":{"start":{"line":12,"column":16},"end":{"line":12,"column":48}},"5":{"start":{"line":14,"column":17},"end":{"line":14,"column":50}},"6":{"start":{"line":16,"column":39},"end":{"line":16,"column":93}},"7":{"start":{"line":42,"column":0},"end":{"line":66,"column":2}},"8":{"start":{"line":49,"column":6},"end":{"line":49,"column":38}},"9":{"start":{"line":53,"column":4},"end":{"line":55,"column":6}},"10":{"start":{"line":60,"column":6},"end":{"line":60,"column":63}},"11":{"start":{"line":64,"column":4},"end":{"line":64,"column":47}},"12":{"start":{"line":68,"column":0},"end":{"line":68,"column":70}},"13":{"start":{"line":68,"column":31},"end":{"line":68,"column":70}},"14":{"start":{"line":69,"column":24},"end":{"line":69,"column":100}},"15":{"start":{"line":70,"column":0},"end":{"line":70,"column":595}},"16":{"start":{"line":70,"column":54},"end":{"line":70,"column":58}},"17":{"start":{"line":70,"column":66},"end":{"line":70,"column":84}},"18":{"start":{"line":70,"column":92},"end":{"line":70,"column":108}},"19":{"start":{"line":70,"column":109},"end":{"line":70,"column":594}},"20":{"start":{"line":71,"column":0},"end":{"line":71,"column":37}}},"fnMap":{"0":{"name":"(anonymous_0)","decl":{"start":{"line":1,"column":2},"end":{"line":1,"column":3}},"loc":{"start":{"line":1,"column":12},"end":{"line":67,"column":1}},"line":1},"1":{"name":"_interopRequireDefault","decl":{"start":{"line":16,"column":9},"end":{"line":16,"column":31}},"loc":{"start":{"line":16,"column":37},"end":{"line":16,"column":95}},"line":16},"2":{"name":"newNote","decl":{"start":{"line":48,"column":22},"end":{"line":48,"column":29}},"loc":{"start":{"line":48,"column":32},"end":{"line":50,"column":5}},"line":48},"3":{"name":"data","decl":{"start":{"line":52,"column":17},"end":{"line":52,"column":21}},"loc":{"start":{"line":52,"column":24},"end":{"line":56,"column":3}},"line":52},"4":{"name":"userSearch","decl":{"start":{"line":59,"column":25},"end":{"line":59,"column":35}},"loc":{"start":{"line":59,"column":38},"end":{"line":61,"column":5}},"line":59},"5":{"name":"mounted","decl":{"start":{"line":63,"column":20},"end":{"line":63,"column":27}},"loc":{"start":{"line":63,"column":30},"end":{"line":65,"column":3}},"line":63},"6":{"name":"render","decl":{"start":{"line":70,"column":35},"end":{"line":70,"column":41}},"loc":{"start":{"line":70,"column":45},"end":{"line":70,"column":595}},"line":70}},"branchMap":{"0":{"loc":{"start":{"line":16,"column":46},"end":{"line":16,"column":92}},"type":"cond-expr","locations":[{"start":{"line":16,"column":70},"end":{"line":16,"column":73}},{"start":{"line":16,"column":76},"end":{"line":16,"column":92}}],"line":16},"1":{"loc":{"start":{"line":16,"column":46},"end":{"line":16,"column":67}},"type":"binary-expr","locations":[{"start":{"line":16,"column":46},"end":{"line":16,"column":49}},{"start":{"line":16,"column":53},"end":{"line":16,"column":67}}],"line":16},"2":{"loc":{"start":{"line":68,"column":0},"end":{"line":68,"column":70}},"type":"if","locations":[{"start":{"line":68,"column":0},"end":{"line":68,"column":70}},{"start":{"line":68,"column":0},"end":{"line":68,"column":70}}],"line":68},"3":{"loc":{"start":{"line":69,"column":24},"end":{"line":69,"column":100}},"type":"cond-expr","locations":[{"start":{"line":69,"column":62},"end":{"line":69,"column":84}},{"start":{"line":69,"column":86},"end":{"line":69,"column":100}}],"line":69},"4":{"loc":{"start":{"line":70,"column":92},"end":{"line":70,"column":108}},"type":"binary-expr","locations":[{"start":{"line":70,"column":92},"end":{"line":70,"column":104}},{"start":{"line":70,"column":106},"end":{"line":70,"column":108}}],"line":70}},"s":{"0":0,"1":0,"2":0,"3":0,"4":0,"5":0,"6":0,"7":0,"8":0,"9":0,"10":0,"11":0,"12":0,"13":0,"14":0,"15":0,"16":0,"17":0,"18":0,"19":0,"20":0},"f":{"0":0,"1":0,"2":0,"3":0,"4":0,"5":0,"6":0},"b":{"0":[0,0],"1":[0,0],"2":[0,0],"3":[0,0],"4":[0,0]}}
,"/Users/luiz/Documents/workspace/involves/inv-github-search/src/pages/PerfilPage/index.vue": {"path":"/Users/luiz/Documents/workspace/involves/inv-github-search/src/pages/PerfilPage/index.vue","statementMap":{"0":{"start":{"line":1,"column":1},"end":{"line":53,"column":4}},"1":{"start":{"line":4,"column":0},"end":{"line":6,"column":3}},"2":{"start":{"line":40,"column":0},"end":{"line":52,"column":2}},"3":{"start":{"line":44,"column":6},"end":{"line":44,"column":63}},"4":{"start":{"line":49,"column":6},"end":{"line":49,"column":30}},"5":{"start":{"line":54,"column":0},"end":{"line":54,"column":70}},"6":{"start":{"line":54,"column":31},"end":{"line":54,"column":70}},"7":{"start":{"line":55,"column":24},"end":{"line":55,"column":100}},"8":{"start":{"line":56,"column":0},"end":{"line":56,"column":1261}},"9":{"start":{"line":56,"column":54},"end":{"line":56,"column":58}},"10":{"start":{"line":56,"column":66},"end":{"line":56,"column":84}},"11":{"start":{"line":56,"column":92},"end":{"line":56,"column":108}},"12":{"start":{"line":56,"column":109},"end":{"line":56,"column":1260}},"13":{"start":{"line":56,"column":950},"end":{"line":56,"column":972}},"14":{"start":{"line":56,"column":1136},"end":{"line":56,"column":1158}},"15":{"start":{"line":57,"column":0},"end":{"line":57,"column":37}}},"fnMap":{"0":{"name":"(anonymous_0)","decl":{"start":{"line":1,"column":2},"end":{"line":1,"column":3}},"loc":{"start":{"line":1,"column":12},"end":{"line":53,"column":1}},"line":1},"1":{"name":"userSearch","decl":{"start":{"line":43,"column":25},"end":{"line":43,"column":35}},"loc":{"start":{"line":43,"column":38},"end":{"line":45,"column":5}},"line":43},"2":{"name":"openPage","decl":{"start":{"line":48,"column":23},"end":{"line":48,"column":31}},"loc":{"start":{"line":48,"column":38},"end":{"line":50,"column":5}},"line":48},"3":{"name":"render","decl":{"start":{"line":56,"column":35},"end":{"line":56,"column":41}},"loc":{"start":{"line":56,"column":45},"end":{"line":56,"column":1261}},"line":56},"4":{"name":"(anonymous_4)","decl":{"start":{"line":56,"column":933},"end":{"line":56,"column":934}},"loc":{"start":{"line":56,"column":949},"end":{"line":56,"column":973}},"line":56},"5":{"name":"(anonymous_5)","decl":{"start":{"line":56,"column":1119},"end":{"line":56,"column":1120}},"loc":{"start":{"line":56,"column":1135},"end":{"line":56,"column":1159}},"line":56}},"branchMap":{"0":{"loc":{"start":{"line":54,"column":0},"end":{"line":54,"column":70}},"type":"if","locations":[{"start":{"line":54,"column":0},"end":{"line":54,"column":70}},{"start":{"line":54,"column":0},"end":{"line":54,"column":70}}],"line":54},"1":{"loc":{"start":{"line":55,"column":24},"end":{"line":55,"column":100}},"type":"cond-expr","locations":[{"start":{"line":55,"column":62},"end":{"line":55,"column":84}},{"start":{"line":55,"column":86},"end":{"line":55,"column":100}}],"line":55},"2":{"loc":{"start":{"line":56,"column":92},"end":{"line":56,"column":108}},"type":"binary-expr","locations":[{"start":{"line":56,"column":92},"end":{"line":56,"column":104}},{"start":{"line":56,"column":106},"end":{"line":56,"column":108}}],"line":56}},"s":{"0":0,"1":0,"2":0,"3":0,"4":0,"5":0,"6":0,"7":0,"8":0,"9":0,"10":0,"11":0,"12":0,"13":0,"14":0,"15":0},"f":{"0":0,"1":0,"2":0,"3":0,"4":0,"5":0},"b":{"0":[0,0],"1":[0,0],"2":[0,0]}}
,"/Users/luiz/Documents/workspace/involves/inv-github-search/src/pages/ReposPage/index.vue": {"path":"/Users/luiz/Documents/workspace/involves/inv-github-search/src/pages/ReposPage/index.vue","statementMap":{"0":{"start":{"line":1,"column":1},"end":{"line":63,"column":4}},"1":{"start":{"line":4,"column":0},"end":{"line":6,"column":3}},"2":{"start":{"line":8,"column":16},"end":{"line":8,"column":48}},"3":{"start":{"line":10,"column":17},"end":{"line":10,"column":50}},"4":{"start":{"line":12,"column":39},"end":{"line":12,"column":93}},"5":{"start":{"line":14,"column":0},"end":{"line":39,"column":2}},"6":{"start":{"line":21,"column":6},"end":{"line":21,"column":63}},"7":{"start":{"line":24,"column":6},"end":{"line":24,"column":69}},"8":{"start":{"line":28,"column":4},"end":{"line":28,"column":41}},"9":{"start":{"line":33,"column":6},"end":{"line":33,"column":44}},"10":{"start":{"line":36,"column":6},"end":{"line":36,"column":48}},"11":{"start":{"line":64,"column":0},"end":{"line":64,"column":70}},"12":{"start":{"line":64,"column":31},"end":{"line":64,"column":70}},"13":{"start":{"line":65,"column":24},"end":{"line":65,"column":100}},"14":{"start":{"line":66,"column":0},"end":{"line":66,"column":850}},"15":{"start":{"line":66,"column":54},"end":{"line":66,"column":58}},"16":{"start":{"line":66,"column":66},"end":{"line":66,"column":84}},"17":{"start":{"line":66,"column":92},"end":{"line":66,"column":108}},"18":{"start":{"line":66,"column":109},"end":{"line":66,"column":849}},"19":{"start":{"line":66,"column":385},"end":{"line":66,"column":700}},"20":{"start":{"line":67,"column":0},"end":{"line":67,"column":37}}},"fnMap":{"0":{"name":"(anonymous_0)","decl":{"start":{"line":1,"column":2},"end":{"line":1,"column":3}},"loc":{"start":{"line":1,"column":12},"end":{"line":63,"column":1}},"line":1},"1":{"name":"_interopRequireDefault","decl":{"start":{"line":12,"column":9},"end":{"line":12,"column":31}},"loc":{"start":{"line":12,"column":37},"end":{"line":12,"column":95}},"line":12},"2":{"name":"userSearch","decl":{"start":{"line":20,"column":25},"end":{"line":20,"column":35}},"loc":{"start":{"line":20,"column":38},"end":{"line":22,"column":5}},"line":20},"3":{"name":"reposSearch","decl":{"start":{"line":23,"column":26},"end":{"line":23,"column":37}},"loc":{"start":{"line":23,"column":40},"end":{"line":25,"column":5}},"line":23},"4":{"name":"mounted","decl":{"start":{"line":27,"column":20},"end":{"line":27,"column":27}},"loc":{"start":{"line":27,"column":30},"end":{"line":29,"column":3}},"line":27},"5":{"name":"nextPage","decl":{"start":{"line":32,"column":23},"end":{"line":32,"column":31}},"loc":{"start":{"line":32,"column":34},"end":{"line":34,"column":5}},"line":32},"6":{"name":"previousPage","decl":{"start":{"line":35,"column":27},"end":{"line":35,"column":39}},"loc":{"start":{"line":35,"column":42},"end":{"line":37,"column":5}},"line":35},"7":{"name":"render","decl":{"start":{"line":66,"column":35},"end":{"line":66,"column":41}},"loc":{"start":{"line":66,"column":45},"end":{"line":66,"column":850}},"line":66},"8":{"name":"(anonymous_8)","decl":{"start":{"line":66,"column":370},"end":{"line":66,"column":371}},"loc":{"start":{"line":66,"column":384},"end":{"line":66,"column":701}},"line":66}},"branchMap":{"0":{"loc":{"start":{"line":12,"column":46},"end":{"line":12,"column":92}},"type":"cond-expr","locations":[{"start":{"line":12,"column":70},"end":{"line":12,"column":73}},{"start":{"line":12,"column":76},"end":{"line":12,"column":92}}],"line":12},"1":{"loc":{"start":{"line":12,"column":46},"end":{"line":12,"column":67}},"type":"binary-expr","locations":[{"start":{"line":12,"column":46},"end":{"line":12,"column":49}},{"start":{"line":12,"column":53},"end":{"line":12,"column":67}}],"line":12},"2":{"loc":{"start":{"line":64,"column":0},"end":{"line":64,"column":70}},"type":"if","locations":[{"start":{"line":64,"column":0},"end":{"line":64,"column":70}},{"start":{"line":64,"column":0},"end":{"line":64,"column":70}}],"line":64},"3":{"loc":{"start":{"line":65,"column":24},"end":{"line":65,"column":100}},"type":"cond-expr","locations":[{"start":{"line":65,"column":62},"end":{"line":65,"column":84}},{"start":{"line":65,"column":86},"end":{"line":65,"column":100}}],"line":65},"4":{"loc":{"start":{"line":66,"column":92},"end":{"line":66,"column":108}},"type":"binary-expr","locations":[{"start":{"line":66,"column":92},"end":{"line":66,"column":104}},{"start":{"line":66,"column":106},"end":{"line":66,"column":108}}],"line":66},"5":{"loc":{"start":{"line":66,"column":393},"end":{"line":66,"column":445}},"type":"cond-expr","locations":[{"start":{"line":66,"column":407},"end":{"line":66,"column":436}},{"start":{"line":66,"column":437},"end":{"line":66,"column":445}}],"line":66}},"s":{"0":0,"1":0,"2":0,"3":0,"4":0,"5":0,"6":0,"7":0,"8":0,"9":0,"10":0,"11":0,"12":0,"13":0,"14":0,"15":0,"16":0,"17":0,"18":0,"19":0,"20":0},"f":{"0":0,"1":0,"2":0,"3":0,"4":0,"5":0,"6":0,"7":0,"8":0},"b":{"0":[0,0],"1":[0,0],"2":[0,0],"3":[0,0],"4":[0,0],"5":[0,0]}}
,"/Users/luiz/Documents/workspace/involves/inv-github-search/src/pages/ResultPage/index.vue": {"path":"/Users/luiz/Documents/workspace/involves/inv-github-search/src/pages/ResultPage/index.vue","statementMap":{"0":{"start":{"line":1,"column":1},"end":{"line":26,"column":4}},"1":{"start":{"line":4,"column":0},"end":{"line":6,"column":3}},"2":{"start":{"line":23,"column":0},"end":{"line":25,"column":2}},"3":{"start":{"line":27,"column":0},"end":{"line":27,"column":70}},"4":{"start":{"line":27,"column":31},"end":{"line":27,"column":70}},"5":{"start":{"line":28,"column":24},"end":{"line":28,"column":100}},"6":{"start":{"line":29,"column":0},"end":{"line":29,"column":344}},"7":{"start":{"line":29,"column":54},"end":{"line":29,"column":58}},"8":{"start":{"line":29,"column":66},"end":{"line":29,"column":84}},"9":{"start":{"line":29,"column":92},"end":{"line":29,"column":108}},"10":{"start":{"line":29,"column":109},"end":{"line":29,"column":343}},"11":{"start":{"line":30,"column":0},"end":{"line":30,"column":37}}},"fnMap":{"0":{"name":"(anonymous_0)","decl":{"start":{"line":1,"column":2},"end":{"line":1,"column":3}},"loc":{"start":{"line":1,"column":12},"end":{"line":26,"column":1}},"line":1},"1":{"name":"render","decl":{"start":{"line":29,"column":35},"end":{"line":29,"column":41}},"loc":{"start":{"line":29,"column":45},"end":{"line":29,"column":344}},"line":29}},"branchMap":{"0":{"loc":{"start":{"line":27,"column":0},"end":{"line":27,"column":70}},"type":"if","locations":[{"start":{"line":27,"column":0},"end":{"line":27,"column":70}},{"start":{"line":27,"column":0},"end":{"line":27,"column":70}}],"line":27},"1":{"loc":{"start":{"line":28,"column":24},"end":{"line":28,"column":100}},"type":"cond-expr","locations":[{"start":{"line":28,"column":62},"end":{"line":28,"column":84}},{"start":{"line":28,"column":86},"end":{"line":28,"column":100}}],"line":28},"2":{"loc":{"start":{"line":29,"column":92},"end":{"line":29,"column":108}},"type":"binary-expr","locations":[{"start":{"line":29,"column":92},"end":{"line":29,"column":104}},{"start":{"line":29,"column":106},"end":{"line":29,"column":108}}],"line":29}},"s":{"0":0,"1":0,"2":0,"3":0,"4":0,"5":0,"6":0,"7":0,"8":0,"9":0,"10":0,"11":0},"f":{"0":0,"1":0},"b":{"0":[0,0],"1":[0,0],"2":[0,0]}}
,"/Users/luiz/Documents/workspace/involves/inv-github-search/src/store/index.js": {"path":"/Users/luiz/Documents/workspace/involves/inv-github-search/src/store/index.js","statementMap":{"0":{"start":{"line":1,"column":13},"end":{"line":1,"column":75}},"1":{"start":{"line":1,"column":86},"end":{"line":1,"column":100}},"2":{"start":{"line":1,"column":113},"end":{"line":1,"column":141}},"3":{"start":{"line":2,"column":12},"end":{"line":2,"column":27}},"4":{"start":{"line":2,"column":41},"end":{"line":2,"column":70}},"5":{"start":{"line":3,"column":15},"end":{"line":3,"column":36}},"6":{"start":{"line":3,"column":53},"end":{"line":3,"column":85}},"7":{"start":{"line":3,"column":124},"end":{"line":3,"column":178}},"8":{"start":{"line":5,"column":0},"end":{"line":5,"column":34}},"9":{"start":{"line":5,"column":34},"end":{"line":9,"column":42}}},"fnMap":{"0":{"name":"_interopRequireDefault","decl":{"start":{"line":3,"column":95},"end":{"line":3,"column":117}},"loc":{"start":{"line":3,"column":123},"end":{"line":3,"column":179}},"line":3}},"branchMap":{"0":{"loc":{"start":{"line":3,"column":131},"end":{"line":3,"column":177}},"type":"cond-expr","locations":[{"start":{"line":3,"column":155},"end":{"line":3,"column":158}},{"start":{"line":3,"column":161},"end":{"line":3,"column":177}}],"line":3},"1":{"loc":{"start":{"line":3,"column":131},"end":{"line":3,"column":152}},"type":"binary-expr","locations":[{"start":{"line":3,"column":131},"end":{"line":3,"column":134}},{"start":{"line":3,"column":138},"end":{"line":3,"column":152}}],"line":3}},"s":{"0":0,"1":0,"2":0,"3":0,"4":0,"5":0,"6":0,"7":0,"8":0,"9":0},"f":{"0":0},"b":{"0":[0,0],"1":[0,0]}}
,"/Users/luiz/Documents/workspace/involves/inv-github-search/src/store/modules/index.js": {"path":"/Users/luiz/Documents/workspace/involves/inv-github-search/src/store/modules/index.js","statementMap":{"0":{"start":{"line":1,"column":13},"end":{"line":1,"column":75}},"1":{"start":{"line":1,"column":89},"end":{"line":1,"column":108}},"2":{"start":{"line":1,"column":124},"end":{"line":1,"column":155}},"3":{"start":{"line":2,"column":16},"end":{"line":2,"column":37}},"4":{"start":{"line":2,"column":55},"end":{"line":2,"column":88}},"5":{"start":{"line":3,"column":12},"end":{"line":3,"column":29}},"6":{"start":{"line":3,"column":43},"end":{"line":3,"column":72}},"7":{"start":{"line":3,"column":111},"end":{"line":3,"column":165}},"8":{"start":{"line":3,"column":166},"end":{"line":9,"column":35}}},"fnMap":{"0":{"name":"_interopRequireDefault","decl":{"start":{"line":3,"column":82},"end":{"line":3,"column":104}},"loc":{"start":{"line":3,"column":110},"end":{"line":3,"column":166}},"line":3}},"branchMap":{"0":{"loc":{"start":{"line":3,"column":118},"end":{"line":3,"column":164}},"type":"cond-expr","locations":[{"start":{"line":3,"column":142},"end":{"line":3,"column":145}},{"start":{"line":3,"column":148},"end":{"line":3,"column":164}}],"line":3},"1":{"loc":{"start":{"line":3,"column":118},"end":{"line":3,"column":139}},"type":"binary-expr","locations":[{"start":{"line":3,"column":118},"end":{"line":3,"column":121}},{"start":{"line":3,"column":125},"end":{"line":3,"column":139}}],"line":3}},"s":{"0":0,"1":0,"2":0,"3":0,"4":0,"5":0,"6":0,"7":0,"8":0},"f":{"0":0},"b":{"0":[0,0],"1":[0,0]}}
,"/Users/luiz/Documents/workspace/involves/inv-github-search/src/store/modules/auth/index.js": {"path":"/Users/luiz/Documents/workspace/involves/inv-github-search/src/store/modules/auth/index.js","statementMap":{"0":{"start":{"line":1,"column":13},"end":{"line":1,"column":75}},"1":{"start":{"line":1,"column":91},"end":{"line":1,"column":131}},"2":{"start":{"line":1,"column":148},"end":{"line":1,"column":181}},"3":{"start":{"line":1,"column":193},"end":{"line":1,"column":209}},"4":{"start":{"line":1,"column":222},"end":{"line":1,"column":250}},"5":{"start":{"line":2,"column":15},"end":{"line":2,"column":41}},"6":{"start":{"line":2,"column":58},"end":{"line":2,"column":90}},"7":{"start":{"line":3,"column":13},"end":{"line":3,"column":31}},"8":{"start":{"line":3,"column":46},"end":{"line":3,"column":76}},"9":{"start":{"line":3,"column":115},"end":{"line":3,"column":169}},"10":{"start":{"line":3,"column":170},"end":{"line":19,"column":10}},"11":{"start":{"line":10,"column":74},"end":{"line":10,"column":85}},"12":{"start":{"line":11,"column":6},"end":{"line":12,"column":97}},"13":{"start":{"line":12,"column":40},"end":{"line":12,"column":50}},"14":{"start":{"line":12,"column":51},"end":{"line":12,"column":94}},"15":{"start":{"line":17,"column":6},"end":{"line":17,"column":54}},"16":{"start":{"line":18,"column":6},"end":{"line":18,"column":40}}},"fnMap":{"0":{"name":"_interopRequireDefault","decl":{"start":{"line":3,"column":86},"end":{"line":3,"column":108}},"loc":{"start":{"line":3,"column":114},"end":{"line":3,"column":170}},"line":3},"1":{"name":"exchangeForToken","decl":{"start":{"line":10,"column":31},"end":{"line":10,"column":47}},"loc":{"start":{"line":10,"column":60},"end":{"line":13,"column":5}},"line":10},"2":{"name":"(anonymous_2)","decl":{"start":{"line":12,"column":11},"end":{"line":12,"column":12}},"loc":{"start":{"line":12,"column":28},"end":{"line":12,"column":95}},"line":12},"3":{"name":"setToken","decl":{"start":{"line":16,"column":23},"end":{"line":16,"column":31}},"loc":{"start":{"line":16,"column":46},"end":{"line":19,"column":5}},"line":16}},"branchMap":{"0":{"loc":{"start":{"line":3,"column":122},"end":{"line":3,"column":168}},"type":"cond-expr","locations":[{"start":{"line":3,"column":146},"end":{"line":3,"column":149}},{"start":{"line":3,"column":152},"end":{"line":3,"column":168}}],"line":3},"1":{"loc":{"start":{"line":3,"column":122},"end":{"line":3,"column":143}},"type":"binary-expr","locations":[{"start":{"line":3,"column":122},"end":{"line":3,"column":125}},{"start":{"line":3,"column":129},"end":{"line":3,"column":143}}],"line":3}},"s":{"0":0,"1":0,"2":0,"3":0,"4":0,"5":0,"6":0,"7":0,"8":0,"9":0,"10":0,"11":0,"12":0,"13":0,"14":0,"15":0,"16":0},"f":{"0":0,"1":0,"2":0,"3":0},"b":{"0":[0,0],"1":[0,0]}}
,"/Users/luiz/Documents/workspace/involves/inv-github-search/src/store/modules/auth/types.js": {"path":"/Users/luiz/Documents/workspace/involves/inv-github-search/src/store/modules/auth/types.js","statementMap":{"0":{"start":{"line":1,"column":13},"end":{"line":1,"column":75}},"1":{"start":{"line":1,"column":91},"end":{"line":1,"column":101}},"2":{"start":{"line":1,"column":102},"end":{"line":2,"column":10}}},"fnMap":{},"branchMap":{},"s":{"0":0,"1":0,"2":0},"f":{},"b":{}}
,"/Users/luiz/Documents/workspace/involves/inv-github-search/src/store/modules/search/index.js": {"path":"/Users/luiz/Documents/workspace/involves/inv-github-search/src/store/modules/search/index.js","statementMap":{"0":{"start":{"line":1,"column":13},"end":{"line":1,"column":75}},"1":{"start":{"line":1,"column":91},"end":{"line":1,"column":131}},"2":{"start":{"line":1,"column":148},"end":{"line":1,"column":181}},"3":{"start":{"line":1,"column":208},"end":{"line":1,"column":258}},"4":{"start":{"line":1,"column":285},"end":{"line":1,"column":328}},"5":{"start":{"line":1,"column":343},"end":{"line":1,"column":362}},"6":{"start":{"line":1,"column":378},"end":{"line":1,"column":409}},"7":{"start":{"line":2,"column":13},"end":{"line":2,"column":31}},"8":{"start":{"line":2,"column":70},"end":{"line":2,"column":124}},"9":{"start":{"line":10,"column":14},"end":{"line":10,"column":40}},"10":{"start":{"line":10,"column":41},"end":{"line":77,"column":10}},"11":{"start":{"line":25,"column":62},"end":{"line":25,"column":73}},"12":{"start":{"line":26,"column":6},"end":{"line":32,"column":9}},"13":{"start":{"line":27,"column":40},"end":{"line":27,"column":50}},"14":{"start":{"line":28,"column":8},"end":{"line":28,"column":38}},"15":{"start":{"line":31,"column":8},"end":{"line":31,"column":38}},"16":{"start":{"line":34,"column":55},"end":{"line":34,"column":67}},"17":{"start":{"line":35,"column":6},"end":{"line":35,"column":32}},"18":{"start":{"line":37,"column":61},"end":{"line":37,"column":73}},"19":{"start":{"line":37,"column":82},"end":{"line":37,"column":93}},"20":{"start":{"line":38,"column":6},"end":{"line":49,"column":9}},"21":{"start":{"line":43,"column":40},"end":{"line":43,"column":50}},"22":{"start":{"line":44,"column":25},"end":{"line":44,"column":86}},"23":{"start":{"line":45,"column":8},"end":{"line":45,"column":63}},"24":{"start":{"line":48,"column":8},"end":{"line":48,"column":61}},"25":{"start":{"line":51,"column":65},"end":{"line":51,"column":79}},"26":{"start":{"line":51,"column":89},"end":{"line":51,"column":101}},"27":{"start":{"line":52,"column":6},"end":{"line":52,"column":36}},"28":{"start":{"line":53,"column":6},"end":{"line":53,"column":38}},"29":{"start":{"line":55,"column":73},"end":{"line":55,"column":87}},"30":{"start":{"line":55,"column":97},"end":{"line":55,"column":109}},"31":{"start":{"line":56,"column":6},"end":{"line":56,"column":40}},"32":{"start":{"line":57,"column":6},"end":{"line":57,"column":38}},"33":{"start":{"line":62,"column":6},"end":{"line":62,"column":67}},"34":{"start":{"line":65,"column":6},"end":{"line":65,"column":40}},"35":{"start":{"line":68,"column":6},"end":{"line":68,"column":76}},"36":{"start":{"line":71,"column":6},"end":{"line":71,"column":107}},"37":{"start":{"line":74,"column":6},"end":{"line":76,"column":7}},"38":{"start":{"line":75,"column":8},"end":{"line":75,"column":109}}},"fnMap":{"0":{"name":"_interopRequireDefault","decl":{"start":{"line":2,"column":41},"end":{"line":2,"column":63}},"loc":{"start":{"line":2,"column":69},"end":{"line":2,"column":125}},"line":2},"1":{"name":"setUser","decl":{"start":{"line":25,"column":22},"end":{"line":25,"column":29}},"loc":{"start":{"line":25,"column":48},"end":{"line":33,"column":5}},"line":25},"2":{"name":"(anonymous_2)","decl":{"start":{"line":27,"column":11},"end":{"line":27,"column":12}},"loc":{"start":{"line":27,"column":28},"end":{"line":29,"column":7}},"line":27},"3":{"name":"(anonymous_3)","decl":{"start":{"line":30,"column":12},"end":{"line":30,"column":13}},"loc":{"start":{"line":30,"column":24},"end":{"line":32,"column":7}},"line":30},"4":{"name":"cleanUser","decl":{"start":{"line":34,"column":24},"end":{"line":34,"column":33}},"loc":{"start":{"line":34,"column":41},"end":{"line":36,"column":5}},"line":34},"5":{"name":"setUserRepos","decl":{"start":{"line":37,"column":27},"end":{"line":37,"column":39}},"loc":{"start":{"line":37,"column":47},"end":{"line":50,"column":5}},"line":37},"6":{"name":"(anonymous_6)","decl":{"start":{"line":43,"column":11},"end":{"line":43,"column":12}},"loc":{"start":{"line":43,"column":28},"end":{"line":46,"column":7}},"line":43},"7":{"name":"(anonymous_7)","decl":{"start":{"line":47,"column":12},"end":{"line":47,"column":13}},"loc":{"start":{"line":47,"column":24},"end":{"line":49,"column":7}},"line":47},"8":{"name":"nextReposPage","decl":{"start":{"line":51,"column":28},"end":{"line":51,"column":41}},"loc":{"start":{"line":51,"column":49},"end":{"line":54,"column":5}},"line":51},"9":{"name":"previousReposPage","decl":{"start":{"line":55,"column":32},"end":{"line":55,"column":49}},"loc":{"start":{"line":55,"column":57},"end":{"line":58,"column":5}},"line":55},"10":{"name":"setUser","decl":{"start":{"line":61,"column":22},"end":{"line":61,"column":29}},"loc":{"start":{"line":61,"column":43},"end":{"line":63,"column":5}},"line":61},"11":{"name":"cleanUser","decl":{"start":{"line":64,"column":24},"end":{"line":64,"column":33}},"loc":{"start":{"line":64,"column":41},"end":{"line":66,"column":5}},"line":64},"12":{"name":"setUserRepos","decl":{"start":{"line":67,"column":27},"end":{"line":67,"column":39}},"loc":{"start":{"line":67,"column":54},"end":{"line":69,"column":5}},"line":67},"13":{"name":"nextReposPage","decl":{"start":{"line":70,"column":28},"end":{"line":70,"column":41}},"loc":{"start":{"line":70,"column":49},"end":{"line":72,"column":5}},"line":70},"14":{"name":"previousReposPage","decl":{"start":{"line":73,"column":32},"end":{"line":73,"column":49}},"loc":{"start":{"line":73,"column":57},"end":{"line":77,"column":5}},"line":73}},"branchMap":{"0":{"loc":{"start":{"line":2,"column":77},"end":{"line":2,"column":123}},"type":"cond-expr","locations":[{"start":{"line":2,"column":101},"end":{"line":2,"column":104}},{"start":{"line":2,"column":107},"end":{"line":2,"column":123}}],"line":2},"1":{"loc":{"start":{"line":2,"column":77},"end":{"line":2,"column":98}},"type":"binary-expr","locations":[{"start":{"line":2,"column":77},"end":{"line":2,"column":80}},{"start":{"line":2,"column":84},"end":{"line":2,"column":98}}],"line":2},"2":{"loc":{"start":{"line":74,"column":6},"end":{"line":76,"column":7}},"type":"if","locations":[{"start":{"line":74,"column":6},"end":{"line":76,"column":7}},{"start":{"line":74,"column":6},"end":{"line":76,"column":7}}],"line":74}},"s":{"0":0,"1":0,"2":0,"3":0,"4":0,"5":0,"6":0,"7":0,"8":0,"9":0,"10":0,"11":0,"12":0,"13":0,"14":0,"15":0,"16":0,"17":0,"18":0,"19":0,"20":0,"21":0,"22":0,"23":0,"24":0,"25":0,"26":0,"27":0,"28":0,"29":0,"30":0,"31":0,"32":0,"33":0,"34":0,"35":0,"36":0,"37":0,"38":0},"f":{"0":0,"1":0,"2":0,"3":0,"4":0,"5":0,"6":0,"7":0,"8":0,"9":0,"10":0,"11":0,"12":0,"13":0,"14":0},"b":{"0":[0,0],"1":[0,0],"2":[0,0]}}
,"/Users/luiz/Documents/workspace/involves/inv-github-search/src/store/modules/search/types.js": {"path":"/Users/luiz/Documents/workspace/involves/inv-github-search/src/store/modules/search/types.js","statementMap":{"0":{"start":{"line":1,"column":13},"end":{"line":1,"column":75}},"1":{"start":{"line":1,"column":90},"end":{"line":1,"column":118}},"2":{"start":{"line":2,"column":17},"end":{"line":2,"column":49}},"3":{"start":{"line":3,"column":21},"end":{"line":3,"column":60}},"4":{"start":{"line":4,"column":21},"end":{"line":4,"column":61}},"5":{"start":{"line":5,"column":25},"end":{"line":5,"column":73}}},"fnMap":{},"branchMap":{},"s":{"0":0,"1":0,"2":0,"3":0,"4":0,"5":0},"f":{},"b":{}}
,"/Users/luiz/Documents/workspace/involves/inv-github-search/src/store/modules/snackbar/index.js": {"path":"/Users/luiz/Documents/workspace/involves/inv-github-search/src/store/modules/snackbar/index.js","statementMap":{"0":{"start":{"line":1,"column":13},"end":{"line":1,"column":75}},"1":{"start":{"line":1,"column":89},"end":{"line":1,"column":135}},"2":{"start":{"line":1,"column":151},"end":{"line":1,"column":182}},"3":{"start":{"line":1,"column":196},"end":{"line":1,"column":214}},"4":{"start":{"line":1,"column":253},"end":{"line":1,"column":307}},"5":{"start":{"line":1,"column":308},"end":{"line":26,"column":10}},"6":{"start":{"line":11,"column":69},"end":{"line":11,"column":80}},"7":{"start":{"line":12,"column":6},"end":{"line":12,"column":44}},"8":{"start":{"line":14,"column":63},"end":{"line":14,"column":75}},"9":{"start":{"line":15,"column":6},"end":{"line":15,"column":36}},"10":{"start":{"line":20,"column":26},"end":{"line":20,"column":90}},"11":{"start":{"line":21,"column":6},"end":{"line":21,"column":37}},"12":{"start":{"line":24,"column":26},"end":{"line":24,"column":86}},"13":{"start":{"line":25,"column":6},"end":{"line":25,"column":37}}},"fnMap":{"0":{"name":"_interopRequireDefault","decl":{"start":{"line":1,"column":224},"end":{"line":1,"column":246}},"loc":{"start":{"line":1,"column":252},"end":{"line":1,"column":308}},"line":1},"1":{"name":"openSnackBar","decl":{"start":{"line":11,"column":27},"end":{"line":11,"column":39}},"loc":{"start":{"line":11,"column":55},"end":{"line":13,"column":5}},"line":11},"2":{"name":"closeSnackBar","decl":{"start":{"line":14,"column":28},"end":{"line":14,"column":41}},"loc":{"start":{"line":14,"column":49},"end":{"line":16,"column":5}},"line":14},"3":{"name":"openSnackBar","decl":{"start":{"line":19,"column":27},"end":{"line":19,"column":39}},"loc":{"start":{"line":19,"column":56},"end":{"line":22,"column":5}},"line":19},"4":{"name":"closeSnackBar","decl":{"start":{"line":23,"column":28},"end":{"line":23,"column":41}},"loc":{"start":{"line":23,"column":49},"end":{"line":26,"column":5}},"line":23}},"branchMap":{"0":{"loc":{"start":{"line":1,"column":260},"end":{"line":1,"column":306}},"type":"cond-expr","locations":[{"start":{"line":1,"column":284},"end":{"line":1,"column":287}},{"start":{"line":1,"column":290},"end":{"line":1,"column":306}}],"line":1},"1":{"loc":{"start":{"line":1,"column":260},"end":{"line":1,"column":281}},"type":"binary-expr","locations":[{"start":{"line":1,"column":260},"end":{"line":1,"column":263}},{"start":{"line":1,"column":267},"end":{"line":1,"column":281}}],"line":1}},"s":{"0":0,"1":0,"2":0,"3":0,"4":0,"5":0,"6":0,"7":0,"8":0,"9":0,"10":0,"11":0,"12":0,"13":0},"f":{"0":0,"1":0,"2":0,"3":0,"4":0},"b":{"0":[0,0],"1":[0,0]}}
,"/Users/luiz/Documents/workspace/involves/inv-github-search/src/store/modules/snackbar/types.js": {"path":"/Users/luiz/Documents/workspace/involves/inv-github-search/src/store/modules/snackbar/types.js","statementMap":{"0":{"start":{"line":1,"column":13},"end":{"line":1,"column":75}},"1":{"start":{"line":1,"column":95},"end":{"line":1,"column":133}},"2":{"start":{"line":2,"column":21},"end":{"line":2,"column":61}}},"fnMap":{},"branchMap":{},"s":{"0":0,"1":0,"2":0},"f":{},"b":{}}
}
