TN:
SF:/Users/luiz/Documents/workspace/involves/inv-github-search/src/App.vue
FN:1,(anonymous_0)
FN:20,_interopRequireDefault
FN:41,render
FNF:3
FNH:0
FNDA:0,(anonymous_0)
FNDA:0,_interopRequireDefault
FNDA:0,render
DA:1,0
DA:4,0
DA:8,0
DA:10,0
DA:12,0
DA:14,0
DA:16,0
DA:18,0
DA:20,0
DA:22,0
DA:39,0
DA:40,0
DA:41,0
DA:42,0
LF:14
LH:0
BRDA:20,0,0,0
BRDA:20,0,1,0
BRDA:20,1,0,0
BRDA:20,1,1,0
BRDA:39,2,0,0
BRDA:39,2,1,0
BRDA:40,3,0,0
BRDA:40,3,1,0
BRDA:41,4,0,0
BRDA:41,4,1,0
BRF:10
BRH:0
end_of_record
TN:
SF:/Users/luiz/Documents/workspace/involves/inv-github-search/src/api/index.js
FN:1,_interopRequireDefault
FN:5,getToken
FNF:2
FNH:0
FNDA:0,_interopRequireDefault
FNDA:0,getToken
DA:1,0
DA:3,0
DA:4,0
DA:5,0
DA:6,0
DA:7,0
LF:6
LH:0
BRDA:1,0,0,0
BRDA:1,0,1,0
BRDA:1,1,0,0
BRDA:1,1,1,0
BRDA:5,2,0,0
BRDA:5,2,1,0
BRDA:5,3,0,0
BRDA:5,3,1,0
BRF:8
BRH:0
end_of_record
TN:
SF:/Users/luiz/Documents/workspace/involves/inv-github-search/src/api/index_old.js
FN:27,(anonymous_0)
FN:30,(anonymous_1)
FNF:2
FNH:0
FNDA:0,(anonymous_0)
FNDA:0,(anonymous_1)
DA:2,0
DA:3,0
DA:26,0
DA:27,0
DA:28,0
DA:31,0
LF:6
LH:0
BRF:0
BRH:0
end_of_record
TN:
SF:/Users/luiz/Documents/workspace/involves/inv-github-search/src/components/AppFooter/index.vue
FN:11,data
FNF:1
FNH:1
FNDA:1,data
DA:12,1
LF:1
LH:1
BRF:0
BRH:0
end_of_record
TN:
SF:/Users/luiz/Documents/workspace/involves/inv-github-search/src/components/AppHeader/index.vue
FN:1,(anonymous_0)
FN:12,_interopRequireDefault
FN:16,data
FN:26,userSearch
FN:29,page
FN:34,back
FN:79,render
FN:79,(anonymous_7)
FN:79,(anonymous_8)
FN:79,(anonymous_9)
FNF:10
FNH:0
FNDA:0,(anonymous_0)
FNDA:0,_interopRequireDefault
FNDA:0,data
FNDA:0,userSearch
FNDA:0,page
FNDA:0,back
FNDA:0,render
FNDA:0,(anonymous_7)
FNDA:0,(anonymous_8)
FNDA:0,(anonymous_9)
DA:1,0
DA:4,0
DA:8,0
DA:10,0
DA:12,0
DA:14,0
DA:17,0
DA:27,0
DA:30,0
DA:35,0
DA:77,0
DA:78,0
DA:79,0
DA:80,0
LF:14
LH:0
BRDA:12,0,0,0
BRDA:12,0,1,0
BRDA:12,1,0,0
BRDA:12,1,1,0
BRDA:77,2,0,0
BRDA:77,2,1,0
BRDA:78,3,0,0
BRDA:78,3,1,0
BRDA:79,4,0,0
BRDA:79,4,1,0
BRF:10
BRH:0
end_of_record
TN:
SF:/Users/luiz/Documents/workspace/involves/inv-github-search/src/components/ExampleButton/index.vue
FN:15,data
FNF:1
FNH:1
FNDA:1,data
DA:16,1
LF:1
LH:1
BRF:0
BRH:0
end_of_record
TN:
SF:/Users/luiz/Documents/workspace/involves/inv-github-search/src/components/Navigation/BackTo.vue
FN:1,(anonymous_0)
FN:34,openPage
FN:42,render
FN:42,(anonymous_3)
FNF:4
FNH:0
FNDA:0,(anonymous_0)
FNDA:0,openPage
FNDA:0,render
FNDA:0,(anonymous_3)
DA:1,0
DA:4,0
DA:21,0
DA:35,0
DA:40,0
DA:41,0
DA:42,0
DA:43,0
LF:8
LH:0
BRDA:40,0,0,0
BRDA:40,0,1,0
BRDA:41,1,0,0
BRDA:41,1,1,0
BRDA:42,2,0,0
BRDA:42,2,1,0
BRF:6
BRH:0
end_of_record
TN:
SF:/Users/luiz/Documents/workspace/involves/inv-github-search/src/components/NoteCard/index.vue
FN:1,(anonymous_0)
FN:37,render
FN:37,(anonymous_2)
FN:37,(anonymous_3)
FNF:4
FNH:0
FNDA:0,(anonymous_0)
FNDA:0,render
FNDA:0,(anonymous_2)
FNDA:0,(anonymous_3)
DA:1,0
DA:4,0
DA:25,0
DA:35,0
DA:36,0
DA:37,0
DA:38,0
LF:7
LH:0
BRDA:35,0,0,0
BRDA:35,0,1,0
BRDA:36,1,0,0
BRDA:36,1,1,0
BRDA:37,2,0,0
BRDA:37,2,1,0
BRF:6
BRH:0
end_of_record
TN:
SF:/Users/luiz/Documents/workspace/involves/inv-github-search/src/components/RepoCard/index.vue
FN:1,(anonymous_0)
FN:35,render
FNF:2
FNH:0
FNDA:0,(anonymous_0)
FNDA:0,render
DA:1,0
DA:4,0
DA:23,0
DA:33,0
DA:34,0
DA:35,0
DA:36,0
LF:7
LH:0
BRDA:33,0,0,0
BRDA:33,0,1,0
BRDA:34,1,0,0
BRDA:34,1,1,0
BRDA:35,2,0,0
BRDA:35,2,1,0
BRF:6
BRH:0
end_of_record
TN:
SF:/Users/luiz/Documents/workspace/involves/inv-github-search/src/components/SnackBar/index.vue
FN:1,(anonymous_0)
FN:27,snackBar
FN:32,closeSnackBar
FN:36,data
FN:49,render
FN:49,(anonymous_5)
FN:49,(anonymous_6)
FNF:7
FNH:0
FNDA:0,(anonymous_0)
FNDA:0,snackBar
FNDA:0,closeSnackBar
FNDA:0,data
FNDA:0,render
FNDA:0,(anonymous_5)
FNDA:0,(anonymous_6)
DA:1,0
DA:4,0
DA:25,0
DA:28,0
DA:33,0
DA:37,0
DA:47,0
DA:48,0
DA:49,0
DA:50,0
LF:10
LH:0
BRDA:47,0,0,0
BRDA:47,0,1,0
BRDA:48,1,0,0
BRDA:48,1,1,0
BRDA:49,2,0,0
BRDA:49,2,1,0
BRF:6
BRH:0
end_of_record
TN:
SF:/Users/luiz/Documents/workspace/involves/inv-github-search/src/components/UserCard/index.vue
FN:1,(anonymous_0)
FN:33,get
FN:39,openPage
FN:47,render
FN:47,(anonymous_4)
FN:47,(anonymous_5)
FNF:6
FNH:0
FNDA:0,(anonymous_0)
FNDA:0,get
FNDA:0,openPage
FNDA:0,render
FNDA:0,(anonymous_4)
FNDA:0,(anonymous_5)
DA:1,0
DA:4,0
DA:29,0
DA:34,0
DA:40,0
DA:45,0
DA:46,0
DA:47,0
DA:48,0
LF:9
LH:0
BRDA:45,0,0,0
BRDA:45,0,1,0
BRDA:46,1,0,0
BRDA:46,1,1,0
BRDA:47,2,0,0
BRDA:47,2,1,0
BRF:6
BRH:0
end_of_record
TN:
SF:/Users/luiz/Documents/workspace/involves/inv-github-search/src/components/UserMiniCard/index.vue
FN:1,(anonymous_0)
FN:36,userSearch
FN:41,clean
FN:49,render
FN:49,(anonymous_4)
FN:49,(anonymous_5)
FNF:6
FNH:0
FNDA:0,(anonymous_0)
FNDA:0,userSearch
FNDA:0,clean
FNDA:0,render
FNDA:0,(anonymous_4)
FNDA:0,(anonymous_5)
DA:1,0
DA:4,0
DA:33,0
DA:37,0
DA:42,0
DA:47,0
DA:48,0
DA:49,0
DA:50,0
LF:9
LH:0
BRDA:47,0,0,0
BRDA:47,0,1,0
BRDA:48,1,0,0
BRDA:48,1,1,0
BRDA:49,2,0,0
BRDA:49,2,1,0
BRF:6
BRH:0
end_of_record
TN:
SF:/Users/luiz/Documents/workspace/involves/inv-github-search/src/libs/auth-lib.js
FN:1,_interopRequireDefault
FN:12,(anonymous_1)
FN:13,setToken
FNF:3
FNH:0
FNDA:0,_interopRequireDefault
FNDA:0,(anonymous_1)
FNDA:0,setToken
DA:1,0
DA:12,0
DA:13,0
DA:14,0
DA:17,0
LF:5
LH:0
BRDA:1,0,0,0
BRDA:1,0,1,0
BRDA:1,1,0,0
BRDA:1,1,1,0
BRF:4
BRH:0
end_of_record
TN:
SF:/Users/luiz/Documents/workspace/involves/inv-github-search/src/libs/localstorage-lib.js
FN:1,_interopRequireDefault
FN:6,(anonymous_1)
FN:7,stringify
FN:8,parse
FN:9,addItem
FN:10,getItem
FNF:6
FNH:0
FNDA:0,_interopRequireDefault
FNDA:0,(anonymous_1)
FNDA:0,stringify
FNDA:0,parse
FNDA:0,addItem
FNDA:0,getItem
DA:1,0
DA:6,0
DA:7,0
DA:8,0
DA:9,0
DA:10,0
DA:11,0
DA:15,0
LF:8
LH:0
BRDA:1,0,0,0
BRDA:1,0,1,0
BRDA:1,1,0,0
BRDA:1,1,1,0
BRF:4
BRH:0
end_of_record
TN:
SF:/Users/luiz/Documents/workspace/involves/inv-github-search/src/libs/notes-lib.js
FN:1,_interopRequireDefault
FN:11,(anonymous_1)
FN:12,getNotes
FN:13,addNotes
FN:14,addNote
FNF:5
FNH:0
FNDA:0,_interopRequireDefault
FNDA:0,(anonymous_1)
FNDA:0,getNotes
FNDA:0,addNotes
FNDA:0,addNote
DA:1,0
DA:11,0
DA:12,0
DA:13,0
DA:14,0
DA:15,0
DA:16,0
DA:17,0
DA:19,0
DA:20,0
DA:22,0
DA:23,0
DA:26,0
DA:30,0
LF:14
LH:0
BRDA:1,0,0,0
BRDA:1,0,1,0
BRDA:1,1,0,0
BRDA:1,1,1,0
BRDA:16,2,0,0
BRDA:16,2,1,0
BRF:6
BRH:0
end_of_record
TN:
SF:/Users/luiz/Documents/workspace/involves/inv-github-search/src/pages/HomePage/index.vue
FN:1,(anonymous_0)
FN:24,_interopRequireDefault
FN:66,data
FN:73,userSearch
FN:78,search
FN:81,clean
FN:88,mounted
FN:97,render
FN:97,(anonymous_8)
FN:97,(anonymous_9)
FNF:10
FNH:0
FNDA:0,(anonymous_0)
FNDA:0,_interopRequireDefault
FNDA:0,data
FNDA:0,userSearch
FNDA:0,search
FNDA:0,clean
FNDA:0,mounted
FNDA:0,render
FNDA:0,(anonymous_8)
FNDA:0,(anonymous_9)
DA:1,0
DA:4,0
DA:8,0
DA:10,0
DA:12,0
DA:14,0
DA:16,0
DA:18,0
DA:20,0
DA:22,0
DA:24,0
DA:59,0
DA:67,0
DA:74,0
DA:79,0
DA:82,0
DA:89,0
DA:90,0
DA:95,0
DA:96,0
DA:97,0
DA:98,0
LF:22
LH:0
BRDA:24,0,0,0
BRDA:24,0,1,0
BRDA:24,1,0,0
BRDA:24,1,1,0
BRDA:89,2,0,0
BRDA:89,2,1,0
BRDA:95,3,0,0
BRDA:95,3,1,0
BRDA:96,4,0,0
BRDA:96,4,1,0
BRDA:97,5,0,0
BRDA:97,5,1,0
BRF:12
BRH:0
end_of_record
TN:
SF:/Users/luiz/Documents/workspace/involves/inv-github-search/src/pages/HomePage/sections/ResultsSection.vue
FN:1,(anonymous_0)
FN:12,_interopRequireDefault
FN:20,userSearch
FN:39,render
FNF:4
FNH:0
FNDA:0,(anonymous_0)
FNDA:0,_interopRequireDefault
FNDA:0,userSearch
FNDA:0,render
DA:1,0
DA:4,0
DA:8,0
DA:10,0
DA:12,0
DA:14,0
DA:21,0
DA:37,0
DA:38,0
DA:39,0
DA:40,0
LF:11
LH:0
BRDA:12,0,0,0
BRDA:12,0,1,0
BRDA:12,1,0,0
BRDA:12,1,1,0
BRDA:37,2,0,0
BRDA:37,2,1,0
BRDA:38,3,0,0
BRDA:38,3,1,0
BRDA:39,4,0,0
BRDA:39,4,1,0
BRDA:39,5,0,0
BRDA:39,5,1,0
BRF:12
BRH:0
end_of_record
TN:
SF:/Users/luiz/Documents/workspace/involves/inv-github-search/src/pages/NotFoundPage/index.vue
FN:1,(anonymous_0)
FN:12,_interopRequireDefault
FN:29,render
FNF:3
FNH:0
FNDA:0,(anonymous_0)
FNDA:0,_interopRequireDefault
FNDA:0,render
DA:1,0
DA:4,0
DA:8,0
DA:10,0
DA:12,0
DA:14,0
DA:27,0
DA:28,0
DA:29,0
DA:30,0
LF:10
LH:0
BRDA:12,0,0,0
BRDA:12,0,1,0
BRDA:12,1,0,0
BRDA:12,1,1,0
BRDA:27,2,0,0
BRDA:27,2,1,0
BRDA:28,3,0,0
BRDA:28,3,1,0
BRDA:29,4,0,0
BRDA:29,4,1,0
BRF:10
BRH:0
end_of_record
TN:
SF:/Users/luiz/Documents/workspace/involves/inv-github-search/src/pages/NotePage/index.vue
FN:1,(anonymous_0)
FN:12,_interopRequireDefault
FN:16,data
FN:28,userSearch
FN:32,mounted
FN:42,addNote
FN:45,(anonymous_6)
FN:95,render
FN:95,(anonymous_8)
FN:95,(anonymous_9)
FNF:10
FNH:0
FNDA:0,(anonymous_0)
FNDA:0,_interopRequireDefault
FNDA:0,data
FNDA:0,userSearch
FNDA:0,mounted
FNDA:0,addNote
FNDA:0,(anonymous_6)
FNDA:0,render
FNDA:0,(anonymous_8)
FNDA:0,(anonymous_9)
DA:1,0
DA:4,0
DA:8,0
DA:10,0
DA:12,0
DA:14,0
DA:17,0
DA:29,0
DA:33,0
DA:34,0
DA:36,0
DA:37,0
DA:43,0
DA:45,0
DA:46,0
DA:47,0
DA:93,0
DA:94,0
DA:95,0
DA:96,0
LF:20
LH:0
BRDA:12,0,0,0
BRDA:12,0,1,0
BRDA:12,1,0,0
BRDA:12,1,1,0
BRDA:33,2,0,0
BRDA:33,2,1,0
BRDA:93,3,0,0
BRDA:93,3,1,0
BRDA:94,4,0,0
BRDA:94,4,1,0
BRDA:95,5,0,0
BRDA:95,5,1,0
BRF:12
BRH:0
end_of_record
TN:
SF:/Users/luiz/Documents/workspace/involves/inv-github-search/src/pages/NotesPage/index.vue
FN:1,(anonymous_0)
FN:16,_interopRequireDefault
FN:48,newNote
FN:52,data
FN:59,userSearch
FN:63,mounted
FN:70,render
FNF:7
FNH:0
FNDA:0,(anonymous_0)
FNDA:0,_interopRequireDefault
FNDA:0,newNote
FNDA:0,data
FNDA:0,userSearch
FNDA:0,mounted
FNDA:0,render
DA:1,0
DA:4,0
DA:8,0
DA:10,0
DA:12,0
DA:14,0
DA:16,0
DA:42,0
DA:49,0
DA:53,0
DA:60,0
DA:64,0
DA:68,0
DA:69,0
DA:70,0
DA:71,0
LF:16
LH:0
BRDA:16,0,0,0
BRDA:16,0,1,0
BRDA:16,1,0,0
BRDA:16,1,1,0
BRDA:68,2,0,0
BRDA:68,2,1,0
BRDA:69,3,0,0
BRDA:69,3,1,0
BRDA:70,4,0,0
BRDA:70,4,1,0
BRF:10
BRH:0
end_of_record
TN:
SF:/Users/luiz/Documents/workspace/involves/inv-github-search/src/pages/PerfilPage/index.vue
FN:1,(anonymous_0)
FN:43,userSearch
FN:48,openPage
FN:56,render
FN:56,(anonymous_4)
FN:56,(anonymous_5)
FNF:6
FNH:0
FNDA:0,(anonymous_0)
FNDA:0,userSearch
FNDA:0,openPage
FNDA:0,render
FNDA:0,(anonymous_4)
FNDA:0,(anonymous_5)
DA:1,0
DA:4,0
DA:40,0
DA:44,0
DA:49,0
DA:54,0
DA:55,0
DA:56,0
DA:57,0
LF:9
LH:0
BRDA:54,0,0,0
BRDA:54,0,1,0
BRDA:55,1,0,0
BRDA:55,1,1,0
BRDA:56,2,0,0
BRDA:56,2,1,0
BRF:6
BRH:0
end_of_record
TN:
SF:/Users/luiz/Documents/workspace/involves/inv-github-search/src/pages/ReposPage/index.vue
FN:1,(anonymous_0)
FN:12,_interopRequireDefault
FN:20,userSearch
FN:23,reposSearch
FN:27,mounted
FN:32,nextPage
FN:35,previousPage
FN:66,render
FN:66,(anonymous_8)
FNF:9
FNH:0
FNDA:0,(anonymous_0)
FNDA:0,_interopRequireDefault
FNDA:0,userSearch
FNDA:0,reposSearch
FNDA:0,mounted
FNDA:0,nextPage
FNDA:0,previousPage
FNDA:0,render
FNDA:0,(anonymous_8)
DA:1,0
DA:4,0
DA:8,0
DA:10,0
DA:12,0
DA:14,0
DA:21,0
DA:24,0
DA:28,0
DA:33,0
DA:36,0
DA:64,0
DA:65,0
DA:66,0
DA:67,0
LF:15
LH:0
BRDA:12,0,0,0
BRDA:12,0,1,0
BRDA:12,1,0,0
BRDA:12,1,1,0
BRDA:64,2,0,0
BRDA:64,2,1,0
BRDA:65,3,0,0
BRDA:65,3,1,0
BRDA:66,4,0,0
BRDA:66,4,1,0
BRDA:66,5,0,0
BRDA:66,5,1,0
BRF:12
BRH:0
end_of_record
TN:
SF:/Users/luiz/Documents/workspace/involves/inv-github-search/src/pages/ResultPage/index.vue
FN:1,(anonymous_0)
FN:29,render
FNF:2
FNH:0
FNDA:0,(anonymous_0)
FNDA:0,render
DA:1,0
DA:4,0
DA:23,0
DA:27,0
DA:28,0
DA:29,0
DA:30,0
LF:7
LH:0
BRDA:27,0,0,0
BRDA:27,0,1,0
BRDA:28,1,0,0
BRDA:28,1,1,0
BRDA:29,2,0,0
BRDA:29,2,1,0
BRF:6
BRH:0
end_of_record
TN:
SF:/Users/luiz/Documents/workspace/involves/inv-github-search/src/store/index.js
FN:3,_interopRequireDefault
FNF:1
FNH:0
FNDA:0,_interopRequireDefault
DA:1,0
DA:2,0
DA:3,0
DA:5,0
LF:4
LH:0
BRDA:3,0,0,0
BRDA:3,0,1,0
BRDA:3,1,0,0
BRDA:3,1,1,0
BRF:4
BRH:0
end_of_record
TN:
SF:/Users/luiz/Documents/workspace/involves/inv-github-search/src/store/modules/index.js
FN:3,_interopRequireDefault
FNF:1
FNH:0
FNDA:0,_interopRequireDefault
DA:1,0
DA:2,0
DA:3,0
LF:3
LH:0
BRDA:3,0,0,0
BRDA:3,0,1,0
BRDA:3,1,0,0
BRDA:3,1,1,0
BRF:4
BRH:0
end_of_record
TN:
SF:/Users/luiz/Documents/workspace/involves/inv-github-search/src/store/modules/auth/index.js
FN:3,_interopRequireDefault
FN:10,exchangeForToken
FN:12,(anonymous_2)
FN:16,setToken
FNF:4
FNH:0
FNDA:0,_interopRequireDefault
FNDA:0,exchangeForToken
FNDA:0,(anonymous_2)
FNDA:0,setToken
DA:1,0
DA:2,0
DA:3,0
DA:10,0
DA:11,0
DA:12,0
DA:17,0
DA:18,0
LF:8
LH:0
BRDA:3,0,0,0
BRDA:3,0,1,0
BRDA:3,1,0,0
BRDA:3,1,1,0
BRF:4
BRH:0
end_of_record
TN:
SF:/Users/luiz/Documents/workspace/involves/inv-github-search/src/store/modules/auth/types.js
FNF:0
FNH:0
DA:1,0
LF:1
LH:0
BRF:0
BRH:0
end_of_record
TN:
SF:/Users/luiz/Documents/workspace/involves/inv-github-search/src/store/modules/search/index.js
FN:2,_interopRequireDefault
FN:25,setUser
FN:27,(anonymous_2)
FN:30,(anonymous_3)
FN:34,cleanUser
FN:37,setUserRepos
FN:43,(anonymous_6)
FN:47,(anonymous_7)
FN:51,nextReposPage
FN:55,previousReposPage
FN:61,setUser
FN:64,cleanUser
FN:67,setUserRepos
FN:70,nextReposPage
FN:73,previousReposPage
FNF:15
FNH:0
FNDA:0,_interopRequireDefault
FNDA:0,setUser
FNDA:0,(anonymous_2)
FNDA:0,(anonymous_3)
FNDA:0,cleanUser
FNDA:0,setUserRepos
FNDA:0,(anonymous_6)
FNDA:0,(anonymous_7)
FNDA:0,nextReposPage
FNDA:0,previousReposPage
FNDA:0,setUser
FNDA:0,cleanUser
FNDA:0,setUserRepos
FNDA:0,nextReposPage
FNDA:0,previousReposPage
DA:1,0
DA:2,0
DA:10,0
DA:25,0
DA:26,0
DA:27,0
DA:28,0
DA:31,0
DA:34,0
DA:35,0
DA:37,0
DA:38,0
DA:43,0
DA:44,0
DA:45,0
DA:48,0
DA:51,0
DA:52,0
DA:53,0
DA:55,0
DA:56,0
DA:57,0
DA:62,0
DA:65,0
DA:68,0
DA:71,0
DA:74,0
DA:75,0
LF:28
LH:0
BRDA:2,0,0,0
BRDA:2,0,1,0
BRDA:2,1,0,0
BRDA:2,1,1,0
BRDA:74,2,0,0
BRDA:74,2,1,0
BRF:6
BRH:0
end_of_record
TN:
SF:/Users/luiz/Documents/workspace/involves/inv-github-search/src/store/modules/search/types.js
FNF:0
FNH:0
DA:1,0
DA:2,0
DA:3,0
DA:4,0
DA:5,0
LF:5
LH:0
BRF:0
BRH:0
end_of_record
TN:
SF:/Users/luiz/Documents/workspace/involves/inv-github-search/src/store/modules/snackbar/index.js
FN:1,_interopRequireDefault
FN:11,openSnackBar
FN:14,closeSnackBar
FN:19,openSnackBar
FN:23,closeSnackBar
FNF:5
FNH:0
FNDA:0,_interopRequireDefault
FNDA:0,openSnackBar
FNDA:0,closeSnackBar
FNDA:0,openSnackBar
FNDA:0,closeSnackBar
DA:1,0
DA:11,0
DA:12,0
DA:14,0
DA:15,0
DA:20,0
DA:21,0
DA:24,0
DA:25,0
LF:9
LH:0
BRDA:1,0,0,0
BRDA:1,0,1,0
BRDA:1,1,0,0
BRDA:1,1,1,0
BRF:4
BRH:0
end_of_record
TN:
SF:/Users/luiz/Documents/workspace/involves/inv-github-search/src/store/modules/snackbar/types.js
FNF:0
FNH:0
DA:1,0
DA:2,0
LF:2
LH:0
BRF:0
BRH:0
end_of_record
